0 0 0.000000 0.000000 0.000000 0.000000 0 0.000000 0.000000
1 5 169.007389 62.104618 2371.531465 870.325951 6 2540.538854 932.430569
2 9 2148.749465 765.005914 5646.783632 1893.010015 11 7795.533097 2658.015929
4 11 3476.948467 1329.489259 6319.196287 1988.554572 15 9796.144754 3318.043831
5 12 3910.289956 1506.041807 7863.975486 2456.021158 17 11774.265442 3962.062965
7 15 6250.026233 2180.283271 9257.077632 2936.337623 22 15507.103865 5116.620894
11 16 8280.345917 2807.972772 8290.015469 2794.828286 27 16570.361386 5602.801058
11 18 8280.345917 2807.972772 9765.305965 3469.391789 29 18045.651882 6277.364561
12 19 8386.522257 2914.149112 9999.475921 3509.546097 31 18385.998178 6423.695209
14 20 9671.054470 3304.010544 11655.434671 3934.108853 34 21326.489141 7238.119397
16 21 10765.323158 3758.672527 12419.527377 3998.973167 37 23184.850535 7757.645694
20 20 12802.465804 4418.831733 11365.892312 3724.745234 40 24168.358116 8143.576967
24 23 14964.690849 5404.438812 12439.157649 3881.130714 47 27403.848498 9285.569526
27 23 17312.918370 6280.138961 12366.266615 3703.377890 50 29679.184985 9983.516851
29 23 17838.810696 6464.078849 15915.197033 4475.919311 52 33754.007729 10939.998160
31 23 18638.789857 6684.557990 15835.830796 4525.896191 54 34474.620653 11210.454181
34 25 19559.756535 6970.128307 17423.712659 5070.018018 59 36983.469194 12040.146325
42 20 22976.893008 8172.805766 15082.469559 4277.649325 62 38059.362567 12450.455091
45 19 26445.598398 8945.111024 13023.447477 3822.561538 64 39469.045875 12767.672562
47 21 28534.405040 9619.685242 13722.177150 3888.183163 68 42256.582190 13507.868405
49 24 30351.090492 10175.603156 13860.687401 4073.592873 73 44211.777893 14249.196029
52 26 32480.175513 10882.169875 14474.157473 4222.159838 78 46954.332986 15104.329713
55 26 33637.466758 11400.736093 11612.730044 4030.261796 81 45250.196802 15430.997889
57 26 34473.514613 11804.729475 10746.243606 4048.990161 83 45219.758219 15853.719636
61 26 36600.352380 12564.694706 11389.744572 4358.993301 87 47990.096952 16923.688007
62 30 36633.773268 12581.405150 13431.774497 5099.721882 92 50065.547765 17681.127032
64 30 37821.223085 13154.006170 13521.825308 4994.105112 94 51343.048393 18148.111282
67 29 38221.329075 13296.499204 14406.934268 5336.270337 96 52628.263343 18632.769541
70 26 39324.419739 13746.877898 13303.843604 4885.891643 96 52628.263343 18632.769541
70 29 39324.419739 13746.877898 14125.746314 5319.857177 99 53450.166053 19066.735075
71 32 39772.125349 13905.995480 16078.318535 5861.019142 103 55850.443884 19767.014622
76 30 43071.917109 14991.444513 13817.640830 5088.109787 106 56889.557939 20079.554300
77 35 43512.184624 15148.289226 17750.097620 6090.087071 112 61262.282244 21238.376297
78 37 44236.103821 15398.149237 20078.410598 6780.562608 115 64314.514419 22178.711845
79 39 44726.988189 15605.023067 21523.971202 7129.864592 118 66250.959391 22734.887659
83 39 47635.697582 16541.173083 21276.664250 6775.836051 122 68912.361832 23317.009134
85 39 48579.649504 16824.274281 21116.589947 6765.628293 124 69696.239451 23589.902574
93 33 52824.533094 17996.476303 17721.719783 5851.768048 126 70546.252877 23848.244351
97 32 54388.681777 18630.990620 18401.820056 5806.953678 129 72790.501833 24437.944298
100 31 55337.925755 18966.715307 14964.116220 5586.903307 131 70302.041975 24553.618614
101 32 55544.683964 19035.634710 16031.681208 6005.664667 133 71576.365172 25041.299377
103 34 55809.106326 19167.489504 18098.749054 6501.650106 137 73907.855380 25669.139610
108 31 57428.227343 19835.137597 16844.254024 6009.908593 139 74272.481367 25845.046190
111 30 59248.719690 20367.310536 16576.331630 5852.249538 141 75825.051320 26219.560074
114 31 60569.850072 21003.538311 15603.484780 5968.836882 145 76173.334852 26972.375193
117 30 62122.171234 21673.940459 15598.934225 5684.124941 147 77721.105459 27358.065400
122 28 64841.478832 22715.778912 13918.051447 5061.325342 150 78759.530279 27777.104254
123 30 65336.315382 22871.571127 13939.774132 5680.234750 153 79276.089514 28551.805877
126 31 66358.656376 23316.642187 13759.223658 5499.758762 157 80117.880034 28816.400949
130 30 69860.494100 24829.654779 12228.788406 4620.713915 160 82089.282506 29450.368694
135 28 72400.757718 25827.858069 9995.993884 4202.530803 163 82396.751602 30030.388872
139 28 74075.159628 26310.973209 11480.194473 4538.998278 167 85555.354101 30849.971487
142 27 75671.132423 26847.044567 11291.295201 4540.325106 169 86962.427624 31387.369673
148 26 78467.497213 27746.715005 11738.830265 4595.397970 174 90206.327478 32342.112975
150 26 79148.520976 27961.830800 12104.047843 4883.299605 176 91252.568819 32845.130405
153 26 80735.744183 28499.494452 12097.640194 4982.378318 179 92833.384377 33481.872770
155 31 81467.424344 28814.200543 16023.885593 5814.074295 186 97491.309937 34628.274838
157 33 82295.374917 29082.560068 17963.621442 6236.150680 190 100258.996359 35318.710748
161 30 84105.576559 29904.096696 16879.067646 5643.717258 191 100984.644205 35547.813954
168 25 87517.468345 31033.241519 14124.233980 4648.303620 193 101641.702325 35681.545139
171 23 89500.991715 31625.680911 10210.732153 4328.995009 194 99711.723868 35954.675920
175 23 92446.395492 32375.152165 10828.241144 4433.212860 198 103274.636636 36808.365025
177 23 93705.043321 32996.246092 10962.186885 4251.930570 200 104667.230206 37248.176662
180 26 95259.473757 33607.926280 10764.697503 4230.762925 206 106024.171260 37838.689205
184 26 97441.631843 34489.990594 12510.717872 4558.621956 210 109952.349715 39048.612550
188 26 99360.777513 35103.206361 14768.224216 4751.955742 214 114129.001729 39855.162103
193 22 100842.173691 35769.339565 13498.709053 4205.963839 215 114340.882744 39975.303404
195 24 102136.759657 36072.846398 13507.139804 4384.586096 219 115643.899461 40457.432494
195 25 102136.759657 36072.846398 14410.617157 4636.814608 220 116547.376814 40709.661006
197 25 102381.862792 36209.598759 14503.458444 4676.300932 222 116885.321236 40885.899691
202 25 104547.789177 37056.943113 14063.759176 4534.787740 227 118611.548353 41591.730853
203 26 104975.359866 37242.181908 14195.828110 4575.839981 229 119171.187976 41818.021889
209 24 107602.829170 38379.546665 15290.618463 4501.179142 233 122893.447633 42880.725807
210 28 107989.281717 38563.869441 13314.018802 4897.371797 238 121303.300519 43461.241238
214 30 111736.299925 39760.120871 14952.037520 5152.424883 244 126688.337445 44912.545754
218 31 113124.640820 40245.804246 13532.256516 5093.013641 249 126656.897336 45338.817887
224 28 115903.387936 41310.342964 11594.899457 4382.482205 252 127498.287393 45692.825169
228 26 116911.039368 41721.755959 12989.537230 4593.729324 254 129900.576598 46315.485283
232 25 119059.355439 42622.819558 11816.805092 4194.260848 257 130876.160531 46817.080406
235 25 120052.659262 43007.493604 12492.902018 4304.593052 260 132545.561280 47312.086656
235 28 120052.659262 43007.493604 14087.726503 4797.812562 263 134140.385765 47805.306166
236 30 120802.446412 43376.438839 15586.029133 5166.820412 266 136388.475545 48543.259251
236 32 120802.446412 43376.438839 16721.575496 5591.071757 268 137524.021908 48967.510596
239 32 124315.357840 44293.272196 15097.493565 5236.576964 271 139412.851405 49529.849160
240 33 124354.001300 44312.593926 16461.980904 5677.664453 273 140815.982204 49990.258379
244 33 127265.372677 45261.286183 15612.587295 5393.805069 277 142877.959972 50655.091252
245 36 127652.391523 45389.871698 17406.105893 6027.588314 281 145058.497416 51417.460012
248 33 129042.900273 45962.717789 16015.597143 5454.742223 281 145058.497416 51417.460012
253 31 130840.198044 46581.634921 14999.114934 5276.910059 284 145839.312978 51858.544980
254 35 131268.332968 46701.950345 16982.264007 6049.601718 289 148250.596975 52751.552063
257 33 132106.418763 47075.270656 17134.973102 5942.636471 290 149241.391865 53017.907127
260 31 132929.362373 47434.326524 16896.511187 5875.999842 291 149825.873560 53310.326366
264 29 135185.297175 48155.331997 16502.202878 5657.542657 293 151687.500053 53812.874654
269 26 138017.011177 48879.769977 15250.321013 5292.319847 295 153267.332190 54172.089824
271 25 139401.333174 49219.113452 14565.976797 5030.751681 296 153967.309971 54249.865133
275 22 141671.865612 50042.286643 13125.631769 4380.885846 297 154797.497381 54423.172489
278 22 142791.040214 50426.782583 14268.036914 4670.399019 300 157059.077128 55097.181602
281 19 144658.081087 50815.167603 12400.996041 4282.013999 300 157059.077128 55097.181602
284 17 146982.262907 51328.551322 11023.755593 3953.193782 301 158006.018500 55281.745104
286 16 147980.933909 51763.871382 10194.704645 3602.683749 302 158175.638554 55366.555131
288 14 150263.882485 52403.190851 7911.756069 2963.364280 302 158175.638554 55366.555131
288 14 150263.882485 52403.190851 7063.496865 2963.364280 302 157327.379350 55366.555131
290 12 150520.168554 52574.666893 6807.210796 2791.888238 302 157327.379350 55366.555131
