0 0 0 0.000000 0.000000 0.000000 0.000000 0 0.000000 0.000000
1 5 0 169.007389 62.104618 2371.531465 870.325951 6 2540.538854 932.430569
2 9 0 2148.749465 765.005914 5646.783632 1893.010015 11 7795.533097 2658.015929
4 11 0 3476.948467 1329.489259 6319.196287 1988.554572 15 9796.144754 3318.043831
5 12 2 3910.289956 1506.041807 7863.975486 2456.021158 17 11774.265442 3962.062965
6 16 6 4402.131690 1760.964671 10324.190716 3041.472801 22 14726.322406 4802.437472
9 16 13 6197.912577 2225.623744 8955.836421 2794.828286 25 15153.748998 5020.452030
9 17 23 6197.912577 2225.623744 9969.881154 3168.054580 26 16167.793731 5393.678324
10 18 36 6304.088917 2331.800084 10157.928810 3208.208888 28 16462.017727 5540.008972
12 19 52 7580.736902 2721.661516 11208.681844 3489.863519 31 18789.418746 6211.525035
13 21 70 7831.616738 2874.986290 13238.006960 3998.973167 34 21069.623698 6873.959457
17 19 89 10486.683109 3535.145496 11072.957575 3503.207593 36 21559.640684 7038.353089
20 23 111 12779.611462 4299.214934 13863.382343 4244.217174 43 26642.993805 8543.432108
23 23 136 15429.149694 5174.915083 15336.932013 4184.926192 46 30766.081707 9359.841275
25 24 161 15981.638030 5358.854971 18157.649688 4650.958224 49 34139.287718 10009.813195
27 24 187 17127.435501 5579.334112 18188.690280 4700.935104 51 35316.125781 10280.269216
31 25 215 18611.021032 5970.039607 18835.937039 5027.185764 56 37446.958071 10997.225371
37 20 246 24004.015926 7322.658584 13461.926739 3684.059084 57 37465.942665 11006.717668
39 22 278 24634.547342 7534.027689 15895.691155 4488.592457 61 40530.238497 12022.620146
42 23 313 28903.498712 8287.989758 14983.906830 4383.924540 65 43887.405542 12671.914298
46 24 351 33380.337683 9695.713269 13433.614107 3914.172092 70 46813.951790 13609.885361
48 28 391 34205.046808 9959.805677 16660.269695 4668.133633 76 50865.316503 14627.939310
49 30 432 34213.866878 9968.625747 17933.673226 4990.785593 79 52147.540104 14959.411340
52 27 473 35837.302824 10659.699981 16310.237280 4299.711359 79 52147.540104 14959.411340
56 26 515 38516.627400 11393.330597 15567.261522 4016.276858 82 54083.888922 15409.607455
59 28 560 40395.503459 11741.446473 16202.303044 4545.315062 87 56597.806503 16286.761535
60 31 608 40934.862042 11900.564055 18616.307997 5374.358719 91 59551.170039 17274.922774
63 29 658 41372.008135 12043.057089 18358.885312 5321.727389 92 59730.893447 17364.784478
66 27 710 42577.669216 12525.764912 17379.425455 4978.035711 93 59957.094671 17503.800623
68 28 765 43592.532559 12790.665529 17323.170973 5085.943905 96 60915.703532 17876.609434
69 31 823 44414.508507 13014.330670 17983.925026 5396.562180 100 62398.433533 18410.892850
73 30 884 46254.956914 13717.444105 17535.395355 5117.442092 103 63790.352269 18834.886197
73 36 948 46254.956914 13717.444105 20102.167758 5816.369619 109 66357.124672 19533.813724
75 36 1016 47629.974430 14098.994587 20543.215156 5854.747792 111 68173.189586 19953.742379
76 38 1087 48414.010148 14305.868417 21331.135906 6204.049776 114 69745.146054 20509.918193
78 39 1160 48835.517465 14473.308154 22787.549791 6487.401901 117 71623.067256 20960.710055
82 38 1237 50168.796010 14930.648548 22712.196465 6321.771791 120 72880.992475 21252.420339
86 36 1315 51663.184643 15377.862156 22054.909990 6132.899960 122 73718.094633 21510.762116
91 32 1394 55801.519340 16363.948205 20402.198233 5593.157229 123 76203.717573 21957.105434
94 33 1478 57158.537735 16699.672892 19920.003862 5516.463487 127 77078.541597 22216.136379
94 34 1563 57158.537735 16699.672892 21082.706942 5783.436786 128 78241.244677 22483.109678
99 33 1649 59292.179791 17343.989193 20639.090697 5771.310026 132 79931.270488 23115.299219
103 31 1737 60835.325942 17771.462269 19556.878152 5519.743530 134 80392.204094 23291.205799
106 30 1828 62956.035123 18303.635208 18269.140562 5376.090911 136 81225.175685 23679.726119
107 32 1921 63032.729652 18329.200051 19704.849252 5912.000780 139 82737.578904 24241.200831
111 30 2015 67549.453713 19418.924724 16579.235290 5207.966314 141 84128.689003 24626.891038
116 28 2109 70728.714505 20460.763177 14178.216993 4531.125623 144 84906.931498 24991.888800
119 29 2206 72797.753659 21124.161145 15715.307167 4958.694624 148 88513.060826 26082.855769
120 33 2307 73446.512059 21225.323497 15848.063572 5326.315503 153 89294.575631 26551.639000
124 31 2410 76400.259848 22214.171563 13734.331795 4655.169836 155 90134.591643 26869.341399
128 30 2514 79182.347978 22996.016697 12724.695634 4453.344880 158 91907.043612 27449.361577
132 29 2618 80796.367648 23479.131837 12606.584444 4524.355498 161 93402.952092 28003.487335
136 28 2724 82306.734671 24171.419995 14383.528132 4814.122084 164 96690.262803 28985.542079
142 26 2831 86286.479973 25441.309765 13332.181817 4271.843048 168 99618.661790 29713.152813
145 25 2943 87206.984141 25730.862786 13670.405203 4388.422239 170 100877.389344 30119.285025
149 24 3057 89611.638555 26472.714597 14023.042124 4351.349632 173 103634.680679 30824.064229
150 28 3172 89885.785738 26542.039189 15826.074148 5037.583436 178 105711.859886 31579.622625
151 30 3292 90217.225923 26608.327226 18046.059414 5519.465343 181 108263.285337 32127.792569
156 27 3417 94122.698890 27523.133975 14943.869867 4962.036104 183 109066.568757 32485.170079
162 24 3544 96955.230634 28520.515193 12781.556341 4360.003559 186 109736.786975 32880.518752
164 23 3673 97873.353717 28861.782103 12692.697555 4291.867430 187 110566.051272 33153.649533
166 22 3803 98967.575456 29254.872734 11761.690939 3983.265619 188 110729.266395 33238.138353
170 21 3936 102671.954172 30279.331607 10965.234574 3719.333190 191 113637.188746 33998.664797
172 27 4070 103165.135514 30625.554938 15930.155068 4577.821797 199 119095.290582 35203.376735
174 26 4205 104339.354744 31033.152363 15346.434632 4377.520519 200 119685.789376 35410.672882
178 26 4344 106955.984153 31646.368130 15251.696417 4354.363296 204 122207.680570 36000.731426
183 22 4488 109119.251114 32312.501334 13917.958571 3940.458604 205 123037.209685 36252.959938
185 24 4635 110395.122165 32616.008167 13902.391296 4119.080861 209 124297.513461 36735.089028
186 23 4783 110739.766080 32736.149468 13557.747381 3998.939560 209 124297.513461 36735.089028
187 24 4933 110772.988200 32752.760528 13946.821414 4158.567185 211 124719.809614 36911.327713
191 25 5085 112628.422065 33417.513622 14297.148088 4199.645253 216 126925.570153 37617.158875
193 27 5238 114526.361355 33791.524601 15005.967891 4765.822732 220 129532.329246 38557.347333
199 24 5394 116822.725859 34723.770935 14086.369420 4284.969432 223 130909.095279 39008.740367
202 25 5552 120173.487807 35501.231263 12038.238803 3989.877504 227 132211.726610 39491.108767
204 29 5714 122120.742689 36211.616102 14352.753892 4652.682009 233 136473.496581 40864.298111
208 31 5878 124356.288534 37013.024102 14935.883072 4490.164966 239 139292.171606 41503.189068
215 26 6043 127157.024552 37926.944776 12753.060400 3795.747922 241 139910.084952 41722.692698
218 25 6209 128544.351493 38218.117085 13043.218940 4066.918864 243 141587.570433 42285.035949
222 23 6376 130774.706072 38961.262510 11911.178973 3738.702547 245 142685.885045 42699.965057
224 23 6543 130989.683420 39032.921626 13046.561831 4017.041943 247 144036.245251 43049.963569
224 26 6711 130989.683420 39032.921626 15412.725287 4547.286705 250 146402.408707 43580.208331
225 28 6880 132042.014159 39401.866861 17463.453643 4916.294555 253 149505.467802 44318.161416
226 29 7052 132768.821141 39738.499171 17465.324200 4724.178447 255 150234.145341 44462.677618
227 30 7227 132868.746341 39771.807571 18899.042373 5363.307981 257 151767.788714 45135.115552
229 30 7405 134809.826071 40140.330718 18164.417499 5275.628409 259 152974.243570 45415.959127
231 32 7584 135939.687108 40551.048775 18797.247515 5403.754525 263 154736.934623 45954.803300
233 33 7764 137080.707608 40880.976180 18612.088106 5533.860566 266 155692.795714 46414.836746
236 30 7950 138174.348210 41453.822271 17518.447504 4961.014475 266 155692.795714 46414.836746
242 25 8141 139965.183378 42065.580935 15882.253722 4418.443246 267 155847.437100 46484.024181
244 27 8334 142168.798554 42687.820666 15641.882808 4485.006235 271 157810.681362 47172.826901
247 26 8530 142781.457480 42843.059920 16055.120072 4769.429401 273 158836.577552 47612.489321
249 25 8730 144862.842470 43162.932132 14791.940995 4741.976428 274 159654.783465 47904.908560
251 25 8933 146923.405258 43667.207445 14728.415168 4740.249403 276 161651.820426 48407.456848
255 23 9136 148184.229098 44043.929200 16017.106325 4870.274849 278 164201.335423 48914.204049
256 24 9340 148683.316513 44303.770990 16279.301515 4787.581748 280 164962.618028 49091.352738
260 20 9550 152203.756134 44906.799216 12758.861894 4184.553522 280 164962.618028 49091.352738
264 18 9762 153619.917044 45377.961171 13203.989686 4228.748282 282 166823.906730 49606.709453
267 16 9975 154900.377529 45766.346191 12262.769309 3925.173289 283 167163.146838 49691.519480
268 15 10192 155767.815567 45950.909693 11395.331271 3740.609787 283 167163.146838 49691.519480
271 12 10409 157514.407271 46485.603133 9648.739567 3205.916347 283 167163.146838 49691.519480
