0 0 0.000000 0.000000 0.000000 0.000000 0 0.000000 0.000000
2 5 721.620000 391.256635 3965.960000 1983.294104 7 4687.580000 2374.550739
3 8 797.010000 418.712784 6121.430000 2848.390733 11 6918.440000 3267.103517
6 8 2661.640000 1587.037517 5115.960000 2408.904474 14 7777.600000 3995.941991
7 13 3207.590000 1894.165045 7389.070000 3382.583691 20 10596.660000 5276.748736
7 17 3207.590000 1894.165045 10332.150000 4482.892038 24 13539.740000 6377.057083
10 19 6104.690000 3129.177912 11117.740000 4814.224360 29 17222.430000 7943.402272
14 22 8320.590000 4174.050910 13252.750000 5462.754583 36 21573.340000 9636.805493
19 24 13058.850000 5675.923729 14891.660000 6148.132981 43 27950.510000 11824.056710
23 22 16462.190000 7279.261261 12398.750000 5124.147278 45 28860.940000 12403.408539
30 18 20701.440000 9188.391769 9947.930000 3961.294242 48 30649.370000 13149.686011
33 18 21123.530000 9501.703044 10540.990000 4237.346737 51 31664.520000 13739.049781
39 18 24790.880000 11160.875371 9728.820000 4102.695360 57 34519.700000 15263.570731
44 17 28129.540000 12603.709921 7848.580000 3268.277035 61 35978.120000 15871.986956
50 16 30889.240000 14115.837233 7426.450000 3166.641352 66 38315.690000 17282.478585
54 15 33732.320000 15226.022687 5740.300000 2718.123923 69 39472.620000 17944.146610
58 18 35094.010000 15830.115505 10090.920000 4417.369638 76 45184.930000 20247.485143
64 18 38931.370000 17365.070886 10297.590000 4389.253432 82 49228.960000 21754.324318
66 24 40213.920000 17929.569435 13655.230000 5654.199777 90 53869.150000 23583.769212
71 22 44057.780000 19572.044810 11428.920000 4698.879010 93 55486.700000 24270.923820
72 26 44753.120000 19775.778534 12659.630000 5398.630317 98 57412.750000 25174.408851
77 23 47648.190000 21094.758081 10294.340000 4497.489161 100 57942.530000 25592.247242
