0 0 0.000000 0.000000 0.000000 0.000000 0 0.000000 0.000000
1 2 235.115445 97.474579 311.252298 157.927840 3 546.367743 255.402419
2 4 290.027743 124.930728 1783.158820 738.935411 6 2073.186563 863.866139
4 4 2467.751862 878.776769 1250.793747 480.455247 8 3718.545609 1359.232016
4 8 2467.751862 878.776769 2974.836049 1218.848579 12 5442.587911 2097.625348
4 11 2467.751862 878.776769 3846.386900 1743.169848 15 6314.138762 2621.946617
4 17 2467.751862 878.776769 9268.551979 3651.571978 21 11736.303841 4530.348747
8 19 4632.539602 1512.489177 9785.483593 3883.252469 27 14418.023195 5395.741646
12 16 7198.319526 2351.633875 8019.089892 3372.907893 28 15217.409418 5724.541768
15 15 9830.046322 3333.788062 6934.373624 2865.638508 30 16764.419946 6199.426570
19 14 12456.156854 4432.038888 5565.603092 2513.665154 33 18021.759946 6945.704042
22 14 12976.062313 4745.350163 6167.986682 2789.717649 36 19144.048995 7535.067812
25 16 14590.105776 5477.584724 7999.502549 3422.728024 41 22589.608325 8900.312748
31 14 19108.508826 7496.406352 5882.927358 2012.322621 45 24991.436184 9508.728973
35 14 21570.257658 8539.436367 6105.903544 2194.775996 49 27676.161202 10734.212363
38 14 22780.029745 8835.931801 6489.187101 2559.948587 52 29269.216846 11395.880388
41 17 24211.358864 9281.849283 9740.482657 3950.057846 58 33951.841521 13231.907129
45 16 25958.668824 10224.813705 8635.652697 3416.470639 61 34594.321521 13641.284344
47 20 27561.858824 10789.312254 11594.021705 4288.774939 67 39155.880529 15078.087193
50 19 28950.277137 11459.004836 11272.733392 4097.808858 69 40223.010529 15556.813694
51 22 29338.673664 11662.738560 12676.808483 4595.061319 73 42015.482147 16257.799879
56 19 34184.391051 12981.718107 8786.339531 3693.920163 75 42970.730582 16675.638270
60 15 35614.836053 13611.430935 7355.894529 3064.207335 75 42970.730582 16675.638270
