0 0 0.000000 0.000000 0.000000 0.000000 0 0.000000 0.000000
1 3 235.115445 97.474579 778.272298 572.406532 4 1013.387743 669.881111
2 5 290.027743 124.930728 1965.019263 1153.414103 7 2255.047006 1278.344831
4 6 1568.777743 916.965673 2266.616513 998.016902 10 3835.394256 1914.982575
5 11 2572.247743 1224.093201 4608.534303 1971.696119 16 7180.782046 3195.789320
5 15 2572.247743 1224.093201 7368.362357 3072.004466 20 9940.610100 4296.097667
7 18 4088.994619 1636.733458 9247.016910 3852.022026 25 13336.011529 5488.755484
10 20 5026.173882 2093.091494 11001.251503 4281.009927 30 16027.425385 6374.101421
15 18 7948.001341 3276.734897 11158.894866 4012.479697 33 19106.896207 7289.214594
17 18 9121.161341 3830.751369 11343.691389 3822.321919 35 20464.852730 7653.073288
21 17 12052.893511 4929.002195 9663.629219 3470.348565 38 21716.522730 8399.350760
25 17 13900.386563 5559.425077 9923.281259 3620.964127 42 23823.667822 9180.389204
29 18 17251.126979 6867.646716 10429.794651 3677.987424 47 27680.921630 10545.634140
34 16 20721.910787 8310.481266 7622.054194 2504.496321 50 28343.964981 10814.977587
38 16 23173.016793 9353.511281 7371.844787 2686.949696 54 30544.861580 12040.460977
43 16 25603.042711 10290.679197 7671.472056 2909.798597 59 33274.514767 13200.477794
48 17 28795.125923 11086.446689 7885.352186 3950.057846 65 36680.478109 15036.504535
53 16 31077.961048 12177.801137 7121.897061 3416.470639 69 38199.858109 15594.271776
55 20 32639.511048 12742.299686 9043.127667 4288.774939 75 41682.638715 17031.074625
58 20 33944.121048 13411.992268 9201.714302 4229.997365 78 43145.835350 17641.989633
59 23 34610.698394 13615.725992 10429.869561 4727.249826 82 45040.567955 18342.975818
63 21 37273.875111 14595.632761 8909.808132 4165.181448 84 46183.683243 18760.814209
67 17 38657.968453 15225.345589 7525.714790 3535.468620 84 46183.683243 18760.814209
72 12 42244.406299 16762.877586 3939.276944 1997.936623 84 46183.683243 18760.814209
73 11 42414.141587 16848.485575 3769.541656 1912.328634 84 46183.683243 18760.814209
73 11 42414.141587 16848.485575 3769.541656 1912.328634 84 46183.683243 18760.814209
75 9 43392.348895 17325.120775 2791.334348 1435.693434 84 46183.683243 18760.814209
76 8 43499.819488 17360.944306 2683.863755 1399.869903 84 46183.683243 18760.814209
77 7 43640.949488 17491.415997 2542.733755 1269.398212 84 46183.683243 18760.814209
78 7 45595.156724 18024.020739 2542.733755 1269.398212 85 48137.890479 19293.418951
79 6 45637.477582 18045.181168 2500.412897 1248.237783 85 48137.890479 19293.418951
80 5 45910.514217 18177.369675 2227.376262 1116.049276 85 48137.890479 19293.418951
80 5 45910.514217 18177.369675 2227.376262 1116.049276 85 48137.890479 19293.418951
80 5 45910.514217 18177.369675 2227.376262 1116.049276 85 48137.890479 19293.418951
81 4 46045.014217 18287.607912 2092.876262 1005.811039 85 48137.890479 19293.418951
81 4 46045.014217 18287.607912 2092.876262 1005.811039 85 48137.890479 19293.418951
81 5 46045.014217 18287.607912 2617.783342 1208.309885 86 48662.797559 19495.917797
82 4 46615.584217 18712.290828 2047.213342 783.626969 86 48662.797559 19495.917797
83 3 47176.904217 18927.623331 1485.893342 568.294466 86 48662.797559 19495.917797
84 2 47270.964217 19009.213216 1391.833342 486.704581 86 48662.797559 19495.917797
