0 0 0.000000 0.000000 0.000000 0.000000 0 0.000000 0.000000
2 4 745.895445 391.256635 2113.612298 1160.921494 6 2859.507743 1552.178129
3 6 800.807743 418.712784 3324.955919 1741.929065 9 4125.763662 2160.641849
5 6 2068.457743 1210.747729 2605.965919 1302.442806 11 4674.423662 2513.190535
7 11 4861.205907 1894.165045 5690.487779 2276.122023 18 10551.693686 4170.287068
7 15 4861.205907 1894.165045 8034.222855 3376.430370 22 12895.428762 5270.595415
9 18 5875.225907 2306.805302 10452.041645 4156.447930 27 16327.267552 6463.253232
14 19 9295.550190 3812.936662 10195.503676 3996.920869 33 19491.053866 7809.857531
19 17 11999.738617 4996.580065 9217.509321 3728.390639 36 21217.247938 8724.970704
21 16 13564.968617 5550.596537 7771.259321 3221.121254 37 21336.227938 8771.717791
25 15 16009.734056 6648.847363 7062.833882 2869.147900 40 23072.567938 9517.995263
28 15 16649.135916 6962.158638 7702.220492 3145.200395 43 24351.356408 10107.359033
33 16 20420.224939 8429.656291 8248.316161 3202.223692 49 28668.541100 11631.879983
38 14 23467.718574 9872.490841 5455.752116 2028.732589 52 28923.470690 11901.223430
42 15 26343.442585 10915.520856 6010.828741 2550.258742 57 32354.271326 13465.779598
45 15 26900.762585 11409.323700 7047.568741 2718.123923 60 33948.331326 14127.447623
49 17 28885.816657 12013.416518 8309.178011 3950.057846 66 37194.994668 15963.474364
54 17 31237.236247 13104.770966 8835.298421 3921.941640 71 40072.534668 17026.712606
56 21 32206.976247 13669.269515 11848.960286 4794.245940 77 44055.936533 18463.515455
60 19 34649.076247 14844.433098 10110.890286 4097.808858 79 44759.966533 18942.241956
61 23 35372.144701 15048.166822 12500.261299 4797.560165 84 47872.406000 19845.726987
65 21 38401.820642 16028.073591 10661.695842 4235.491787 86 49063.516484 20263.565378
