0 0 0.000000 0.000000 0.000000 0.000000 0 0.000000 0.000000
1 6 141.530000 62.104618 3178.380852 1094.953578 7 3319.910852 1157.058196
4 11 2641.565853 1114.403483 6287.520852 2382.913892 15 8929.086705 3497.317375
5 15 3235.455853 1492.519687 6614.050852 2746.581491 20 9849.506705 4239.101178
6 20 3555.605853 1669.072235 10383.245852 4835.769260 26 13938.851705 6504.841495
8 25 5347.950853 2343.313699 12495.800852 5938.057729 33 17843.751705 8281.371428
11 26 6374.212132 2807.972772 13082.035254 6219.011176 37 19456.247386 9026.983948
12 28 7756.662132 3324.951538 14318.185254 6741.856608 40 22074.847386 10066.808146
14 29 8779.862132 3796.388573 15011.615254 7019.859518 43 23791.477386 10816.248091
18 32 10966.902132 4634.874696 16637.344204 8198.171358 50 27604.246336 12833.046054
22 32 13442.652132 5695.030009 16152.755049 7879.187340 54 29595.407181 13574.217349
25 30 14286.206534 5971.233526 15422.480647 7648.015959 55 29708.687181 13619.249485
28 34 15970.226534 6735.302964 16664.535079 8025.939080 62 32634.761613 14761.242044
33 35 19669.456534 8519.677844 16838.707863 7852.099086 68 36508.164397 16371.776930
37 34 21183.676534 9230.416279 17655.661825 8113.563465 71 38839.338359 17343.979744
42 33 24553.744858 10723.675305 15660.705604 7524.133923 75 40214.450462 18247.809228
46 35 25481.020635 11114.380800 18998.970819 8612.042550 81 44479.991454 19726.423350
55 32 29499.683071 12913.798059 17559.994378 7574.293707 87 47059.677449 20488.091766
58 33 31215.788583 13534.498450 18345.894869 7734.756288 91 49561.683452 21269.254738
63 34 35282.131221 15278.237656 15714.607449 7241.242822 97 50996.738670 22519.480478
64 39 35576.541221 15438.610414 17756.457449 8257.626401 103 53332.998670 23696.236815
67 42 36681.931221 15879.567471 19195.946607 9037.821143 109 55877.877828 24917.388614
70 43 38486.891221 16689.793252 19618.286607 9506.797528 113 58105.177828 26196.590780
73 43 39566.222073 17380.867486 19317.745755 9322.431541 116 58883.967828 26703.299027
78 43 41497.697073 18375.584611 19777.926829 9655.658150 121 61275.623902 28031.242761
82 45 42971.179479 18995.210767 19810.201535 9800.080039 127 62781.381014 28795.290806
84 46 43222.429479 19250.324694 22283.931535 10660.462736 130 65506.361014 29910.787430
90 44 45664.685408 20554.356787 22303.993675 10593.389853 134 67968.679083 31147.746640
96 41 50244.179358 22565.797970 19115.729725 9469.146560 137 69359.909083 32034.944530
99 43 50737.779358 22979.647633 20367.923560 10117.098178 142 71105.702918 33096.745811
103 46 53991.309358 24218.661429 21934.604813 10513.231592 149 75925.914171 34731.893021
107 48 55788.764358 25111.432668 22874.171747 11117.683401 155 78662.936105 36229.116069
109 51 56257.957297 25418.648004 26791.861308 12097.554628 160 83049.818605 37516.202632
112 52 58214.807297 26439.275237 26770.168808 12449.363616 164 84984.976105 38888.638853
117 52 60622.667297 27838.132465 26973.021003 12133.908433 169 87595.688300 39972.040898
122 54 63747.990299 29130.078046 24184.967072 12129.780364 176 87932.957371 41259.858410
127 52 65603.810267 30251.064220 23357.657104 11518.702041 179 88961.467371 41769.766261
137 48 69469.525251 32406.084707 22664.877941 10566.054735 185 92134.403192 42972.139442
140 46 70123.781385 32813.339140 22233.933485 10233.237528 186 92357.714870 43046.576668
146 43 72223.639006 33783.561010 21280.415461 10042.567228 189 93504.054467 43826.128238
147 45 72404.749006 33955.527535 24028.368134 10883.189296 192 96433.117140 44838.716831
150 48 73142.035496 34327.557346 25287.356939 11837.745723 198 98429.392435 46165.303069
158 45 77472.988073 36301.900332 25259.614362 11359.697182 203 102732.602435 47661.597514
161 44 78392.648073 37120.195827 21797.999362 11073.040290 205 100190.647435 48193.236117
166 44 80148.778073 38227.526835 22838.620750 11180.703758 210 102987.398823 49408.230593
169 46 82156.938073 39097.862673 24635.710750 11831.400845 215 106792.648823 50929.263518
175 44 85766.076427 40660.492375 23842.272396 11284.213126 219 109608.348823 51944.705501
179 44 89736.686427 41865.384914 22959.942565 11096.913803 223 112696.628992 52962.298717
184 45 93200.219205 43331.300090 21962.546573 10660.170557 229 115162.765778 53991.470647
188 45 95774.419205 44615.460818 20894.666573 10117.468553 233 116669.085778 54732.929371
196 41 99251.481011 46443.727140 18663.536573 8917.309233 237 117915.017584 55361.036373
199 43 99669.741011 46746.105049 20621.626573 9667.046400 242 120291.367584 56413.151449
203 43 101119.411011 47413.648787 21988.006573 10178.594410 246 123107.417584 57592.243197
210 40 104168.916550 49125.629233 19338.104341 9217.169107 250 123507.020891 58342.798340
214 40 106402.815977 50232.021424 19685.359914 9696.418901 254 126088.175891 59928.440325
219 41 107777.075135 51162.002561 23212.685756 10612.286578 260 130989.760891 61774.289139
220 46 107847.450122 51231.327153 25252.694307 11438.934768 266 133100.144429 62670.261921
225 46 112553.751196 53164.790327 25162.275374 11145.107845 271 137716.026570 64309.898172
229 47 113803.631196 53877.525588 23611.692326 11627.038632 276 137415.323522 65504.564220
240 41 119465.902670 56531.150141 20278.795999 9632.463993 281 139744.698669 66163.614134
245 37 121780.822670 57642.626850 17918.628751 8919.145129 282 139699.451421 66561.771979
249 36 124217.670132 58759.301794 17590.055058 8418.493525 285 141807.725190 67177.795319
253 38 128041.650132 60142.046229 16864.678628 8429.491648 291 144906.328760 68571.537877
260 40 130718.898031 61360.858411 19510.130729 9125.466113 300 150229.028760 70486.324524
264 41 132889.958031 62435.839775 20041.470729 9288.229647 305 152931.428760 71724.069422
272 37 136727.018909 64254.453029 17775.859563 8063.669366 309 154502.878472 72318.122395
277 34 138588.749479 64906.090815 15650.706093 7944.250195 311 154239.455572 72850.341010
283 34 140212.178729 66013.498323 15708.604017 7732.712925 317 155920.782746 73746.211248
286 32 141896.029869 66848.179279 15334.309836 7309.485377 318 157230.339705 74157.664656
288 35 142978.689869 67282.402008 16837.161616 8042.629070 323 159815.851485 75325.031078
292 38 144305.497043 67947.155102 17814.035039 8612.246731 330 162119.532082 76559.401833
299 37 148608.874633 69861.330257 17792.851073 8325.869299 336 166401.725706 78187.199556
307 37 152063.004178 71831.229078 18665.473722 8244.760210 344 170728.477900 80075.989288
309 41 153224.884178 72471.774107 17638.885533 8587.323518 350 170863.769711 81059.097625
311 44 154514.024178 73023.031100 18741.587105 8866.726332 355 173255.611283 81889.757432
318 43 157412.956550 74413.967426 18356.937221 8560.535321 361 175769.893771 82974.502747
323 40 158857.809720 75150.654321 17275.054051 8043.352056 363 176132.863771 83194.006377
327 38 159784.649689 75629.127076 16592.269576 8127.222552 365 176376.919265 83756.349628
333 35 163255.509689 77176.572625 15347.509576 7399.271129 368 178603.019265 84575.843754
336 36 164033.174689 77501.452578 16383.184576 8098.422427 372 180416.359265 85599.875005
337 41 165036.191964 77912.905986 18672.897060 9155.946980 378 183709.089024 87068.852966
338 44 166377.941964 78281.851221 20504.458419 10091.551510 382 186882.400383 88373.402731
340 45 167613.371964 79196.228179 21412.317666 10011.407804 385 189025.689630 89207.635983
344 45 169029.681964 80181.808030 23914.791260 10185.317243 389 192944.473224 90367.125273
347 46 170583.921964 80954.896195 25137.021260 10359.227306 393 195720.943224 91314.123501
352 46 172769.962256 82145.245524 24436.320968 10109.026905 398 197206.283224 92254.272429
354 49 173182.954893 82365.990533 25683.420091 11121.997070 403 198866.374984 93487.987603
358 49 175282.454756 83403.405696 26066.501583 10983.822096 407 201348.956339 94387.227792
363 47 176625.265514 84095.027569 25673.992983 11642.398457 410 202299.258497 95737.426026
368 46 180282.819426 85584.744163 24740.329195 11550.470747 414 205023.148621 97135.214910
373 44 181871.337778 86407.448413 26759.736861 11773.572542 417 208631.074639 98181.020955
377 41 183259.960794 86921.687320 25147.003845 11551.752874 418 208406.964639 98473.440194
380 43 185769.140794 88055.474032 26513.487066 11793.817980 423 212282.627860 99849.292012
387 40 189221.355585 89516.485432 24676.606589 11654.054941 427 213897.962174 101170.540373
392 39 192087.425587 90745.195522 26044.306587 11790.501709 431 218131.732174 102535.697231
395 39 194254.002250 91656.939327 26421.509924 11501.025298 434 220675.512174 103157.964625
402 33 197043.007120 92929.692436 22516.888391 10313.082216 435 219559.895511 103242.774652
406 30 199490.027120 93879.618820 21316.347412 9693.949045 436 220806.374532 103573.567865
410 26 202281.432120 95387.579289 18524.942412 8185.988576 436 220806.374532 103573.567865
412 25 202909.882120 95576.916163 17407.484817 8181.215204 437 220317.366937 103758.131367
416 21 205185.569848 96651.475563 14956.057089 7106.655804 437 220141.626937 103758.131367
417 20 205717.961726 96836.039065 14150.511877 6922.092302 437 219868.473603 103758.131367
418 19 206827.731726 97429.621063 13040.741877 6328.510304 437 219868.473603 103758.131367
