0 0 0.000000 0.000000 0.000000 0.000000 0 0.000000 0.000000
1 5 169.007389 62.104618 2371.531465 870.325951 6 2540.538854 932.430569
2 9 2148.749465 765.005914 5646.783632 1893.010015 11 7795.533097 2658.015929
4 11 3476.948467 1329.489259 6319.196287 1988.554572 15 9796.144754 3318.043831
5 12 3910.289956 1506.041807 7863.975486 2456.021158 17 11774.265442 3962.062965
6 16 4402.131690 1760.964671 10324.190716 3041.472801 22 14726.322406 4802.437472
9 16 6197.912577 2225.623744 8955.836421 2794.828286 25 15153.748998 5020.452030
9 17 6197.912577 2225.623744 9969.881154 3168.054580 26 16167.793731 5393.678324
10 18 6304.088917 2331.800084 10157.928810 3208.208888 28 16462.017727 5540.008972
12 19 7580.736902 2721.661516 11208.681844 3489.863519 31 18789.418746 6211.525035
13 21 7831.616738 2874.986290 13238.006960 3998.973167 34 21069.623698 6873.959457
17 19 10486.683109 3535.145496 11072.957575 3503.207593 36 21559.640684 7038.353089
20 23 12779.611462 4299.214934 13863.382343 4244.217174 43 26642.993805 8543.432108
23 23 15429.149694 5174.915083 15336.932013 4184.926192 46 30766.081707 9359.841275
25 24 15981.638030 5358.854971 18157.649688 4650.958224 49 34139.287718 10009.813195
27 24 17127.435501 5579.334112 18188.690280 4700.935104 51 35316.125781 10280.269216
31 25 18611.021032 5970.039607 18835.937039 5027.185764 56 37446.958071 10997.225371
37 20 24004.015926 7322.658584 13461.926739 3684.059084 57 37465.942665 11006.717668
39 22 24634.547342 7534.027689 15895.691155 4488.592457 61 40530.238497 12022.620146
42 23 28903.498712 8287.989758 14983.906830 4383.924540 65 43887.405542 12671.914298
46 24 33380.337683 9695.713269 13433.614107 3914.172092 70 46813.951790 13609.885361
48 28 34205.046808 9959.805677 16660.269695 4668.133633 76 50865.316503 14627.939310
49 30 34213.866878 9968.625747 17933.673226 4990.785593 79 52147.540104 14959.411340
52 27 35837.302824 10659.699981 16310.237280 4299.711359 79 52147.540104 14959.411340
56 26 38516.627400 11393.330597 15567.261522 4016.276858 82 54083.888922 15409.607455
59 28 40395.503459 11741.446473 16202.303044 4545.315062 87 56597.806503 16286.761535
60 31 40934.862042 11900.564055 18616.307997 5374.358719 91 59551.170039 17274.922774
63 29 41372.008135 12043.057089 18358.885312 5321.727389 92 59730.893447 17364.784478
66 27 42577.669216 12525.764912 17379.425455 4978.035711 93 59957.094671 17503.800623
68 28 43592.532559 12790.665529 17323.170973 5085.943905 96 60915.703532 17876.609434
69 31 44414.508507 13014.330670 17983.925026 5396.562180 100 62398.433533 18410.892850
73 30 46254.956914 13717.444105 17535.395355 5117.442092 103 63790.352269 18834.886197
73 36 46254.956914 13717.444105 20102.167758 5816.369619 109 66357.124672 19533.813724
75 36 47629.974430 14098.994587 20543.215156 5854.747792 111 68173.189586 19953.742379
76 38 48414.010148 14305.868417 21331.135906 6204.049776 114 69745.146054 20509.918193
78 39 48835.517465 14473.308154 22787.549791 6487.401901 117 71623.067256 20960.710055
82 38 50168.796010 14930.648548 22712.196465 6321.771791 120 72880.992475 21252.420339
86 36 51663.184643 15377.862156 22054.909990 6132.899960 122 73718.094633 21510.762116
91 32 55801.519340 16363.948205 20402.198233 5593.157229 123 76203.717573 21957.105434
94 33 57158.537735 16699.672892 19920.003862 5516.463487 127 77078.541597 22216.136379
94 34 57158.537735 16699.672892 21082.706942 5783.436786 128 78241.244677 22483.109678
99 33 59292.179791 17343.989193 20639.090697 5771.310026 132 79931.270488 23115.299219
103 31 60835.325942 17771.462269 19556.878152 5519.743530 134 80392.204094 23291.205799
106 30 62956.035123 18303.635208 18269.140562 5376.090911 136 81225.175685 23679.726119
107 32 63032.729652 18329.200051 19704.849252 5912.000780 139 82737.578904 24241.200831
111 30 67549.453713 19418.924724 16579.235290 5207.966314 141 84128.689003 24626.891038
116 28 70728.714505 20460.763177 14178.216993 4531.125623 144 84906.931498 24991.888800
119 29 72797.753659 21124.161145 15715.307167 4958.694624 148 88513.060826 26082.855769
120 33 73446.512059 21225.323497 15848.063572 5326.315503 153 89294.575631 26551.639000
124 31 76400.259848 22214.171563 13734.331795 4655.169836 155 90134.591643 26869.341399
128 30 79182.347978 22996.016697 12724.695634 4453.344880 158 91907.043612 27449.361577
132 29 80713.350197 23479.131837 10698.335696 4524.355498 161 91411.685893 28003.487335
136 27 82278.698667 24171.419995 10502.340159 4369.465526 163 92781.038826 28540.885521
141 27 84244.252838 24996.653207 11121.212093 4483.559641 168 95365.464931 29480.212848
144 27 85032.138756 25286.206228 11887.706717 4785.511708 171 96919.845473 30071.717936
148 25 86663.708267 26028.058039 11443.793987 4439.837290 173 98107.502254 30467.895329
149 30 86937.855450 26097.382631 15105.600620 5464.556310 179 102043.456070 31561.938941
151 31 87712.803029 26365.742156 15679.817340 5670.569545 182 103392.620369 32036.311701
155 29 89387.379363 27078.477417 14893.021011 5266.586912 184 104280.400374 32345.064329
161 24 91729.355106 28075.858635 12584.267388 4285.816754 185 104313.622494 32361.675389
162 25 92341.637033 28384.460446 13358.989833 4367.465849 187 105700.626866 32751.926295
165 23 93963.645933 28808.940163 12136.374965 4027.474952 188 106100.020898 32836.415115
167 24 95095.103248 29248.066024 13662.207444 4364.793038 191 108757.310692 33612.859062
170 28 97504.397161 29895.277141 13880.142639 4663.188894 198 111384.539800 34558.466035
173 27 99402.021844 30419.994691 13763.367143 4608.833985 200 113165.388987 35028.828676
177 27 101268.653168 31033.210458 13813.138945 4574.838780 204 115081.792113 35608.049238
184 21 104566.622058 32050.897814 10653.143783 3671.758370 205 115219.765841 35722.656184
186 24 105740.041826 32419.191452 12328.519555 4113.447121 210 118068.561381 36532.638573
187 23 106002.524303 32539.332753 12066.037078 3993.305820 210 118068.561381 36532.638573
188 24 106035.746423 32555.943813 12348.163571 4152.933445 212 118383.909994 36708.877258
192 25 107668.773440 33220.696907 13763.449810 4284.091474 217 121432.223250 37504.788381
194 27 109696.409370 33684.787847 14597.149746 4825.112363 221 124293.559116 38509.900210
204 20 115550.720650 35510.017474 12019.752373 3989.355184 224 127570.473023 39499.372658
205 25 115919.366202 35694.340250 12702.149952 4720.731162 230 128621.516154 40415.071412
206 29 116473.820200 35948.502836 14799.320581 5461.650839 235 131273.140781 41410.153675
212 29 120717.796257 37346.727767 13039.006188 4848.222839 241 133756.802445 42194.950606
216 29 121893.297513 37815.449607 13119.931362 4917.871751 245 135013.228875 42733.321358
220 26 123164.046339 38290.985386 11587.859984 4493.647294 246 134751.906323 42784.632680
224 24 125830.542878 39292.464673 9662.703245 3907.097115 248 135493.246123 43199.561788
227 25 126777.493848 39677.138719 12528.455520 4595.173967 252 139305.949368 44272.312686
227 28 126777.493848 39677.138719 14168.172246 5088.393477 255 140945.666094 44765.532196
228 30 127472.849775 40046.083954 15578.064448 5457.401327 258 143050.914223 45503.485281
230 30 129982.890597 40960.460912 14828.288904 4967.275714 260 144811.179501 45927.736626
232 32 131040.556994 41305.945477 16220.815194 5405.857238 264 147261.372188 46711.802715
233 33 131079.200454 41325.267207 17419.292891 5778.303873 266 148498.493345 47103.571080
237 32 133149.613673 42217.887717 16052.295047 5202.800011 269 149201.908720 47420.687728
239 34 134376.246925 42568.200757 17057.906242 5556.737164 273 151434.153167 48124.937921
242 31 136083.459354 43141.046848 15350.693813 4983.891073 273 151434.153167 48124.937921
246 29 136721.073172 43410.762563 15850.431531 5085.698107 275 152571.504703 48496.460670
246 32 136721.073172 43410.762563 16911.373562 5453.927880 278 153632.446734 48864.690443
249 30 137539.414447 43623.837735 16596.243070 5507.207772 279 154135.657517 49131.045507
252 28 138994.053102 43982.893603 14536.389492 5440.571143 280 153530.442594 49423.464746
256 26 141542.216858 44865.889315 13199.392689 4954.661131 282 154741.609547 49820.550446
260 24 142677.364294 45242.611070 13284.333236 5116.551110 284 155961.697530 50359.162180
262 24 143769.480102 45581.954545 14038.381589 5101.888355 286 157807.861691 50683.842900
264 22 144523.100104 45858.575675 13284.761587 4825.267225 286 157807.861691 50683.842900
269 17 147816.454095 46856.388593 9991.407596 3827.454307 286 157807.861691 50683.842900
273 15 149611.790035 47547.108927 11305.105635 3652.090688 288 160916.895670 51199.199615
273 16 149611.790035 47547.108927 11559.535716 3736.900715 289 161171.325751 51284.009642
276 13 152584.359409 47922.865291 8586.966342 3361.144351 289 161171.325751 51284.009642
