0 0 0.000000 0.000000 0.000000 0.000000 0 0.000000 0.000000
2 5 883.745445 391.256635 4149.480000 1983.294104 7 5033.225445 2374.550739
3 8 959.135445 418.712784 6536.140000 2848.390733 11 7495.275445 3267.103517
6 8 3386.435445 1587.037517 5858.750000 2408.904474 14 9245.185445 3995.941991
7 13 4065.145445 1894.165045 8121.360000 3382.583691 20 12186.505445 5276.748736
7 17 4065.145445 1894.165045 10052.970000 4482.892038 24 14118.115445 6377.057083
11 21 7779.305445 3590.436274 11739.740000 5274.364913 32 19519.045445 8864.801187
15 24 9593.715445 4635.309272 13650.260000 5464.687862 39 23243.975445 10099.997134
21 20 13655.655445 6136.064282 11006.710000 4720.870689 41 24662.365445 10856.934971
25 18 16514.475445 7739.401814 9091.870000 3696.884986 43 25606.345445 11436.286800
29 17 18792.925445 8837.652640 8179.620000 3344.911632 46 26972.545445 12182.564272
32 17 19436.005445 9150.963915 8590.080000 3620.964127 49 28026.085445 12771.928042
38 17 23365.115445 10810.136242 7685.920000 3486.312750 55 31051.035445 14296.448992
43 16 25708.405445 12252.970792 6667.070000 2651.894425 59 32375.475445 14904.865217
48 15 28927.465445 13580.089865 5268.210000 2550.258742 63 34195.675445 16130.348607
52 14 30506.815445 14232.068045 4603.420000 2559.948587 66 35110.235445 16792.016632
55 18 31074.765445 14677.985527 9343.690000 4417.369638 73 40418.455445 19095.355165
61 18 34643.705445 16212.940908 9894.870000 4389.253432 79 44538.575445 20602.194340
63 23 35985.325445 16777.439457 12733.879314 5393.746239 86 48719.204759 22171.185696
68 21 39786.155445 18419.914832 10962.179314 4438.425472 89 50748.334759 22858.340304
69 25 40162.155445 18623.648556 12849.120377 5138.176779 94 53011.275822 23761.825335
74 22 43045.398859 19942.628103 10881.524029 4237.035623 96 53926.922888 24179.663726
