0 0 0.000000 0.000000 0.000000 0.000000 0 0.000000 0.000000
1 2 235.115445 97.474579 311.252298 157.927840 3 546.367743 255.402419
2 4 290.027743 124.930728 1783.158820 738.935411 6 2073.186563 863.866139
4 4 2467.751862 878.776769 1250.793747 480.455247 8 3718.545609 1359.232016
4 8 2467.751862 878.776769 3057.225840 1218.848579 12 5524.977702 2097.625348
4 12 2467.751862 878.776769 6234.163243 2319.156926 16 8701.915105 3197.933695
4 16 2467.751862 878.776769 9345.840690 3334.460371 20 11813.592552 4213.237140
7 17 3728.060772 1335.134805 10714.257787 3628.998040 24 14442.318559 4964.132845
10 15 5571.208615 1857.167896 9683.869098 3435.765071 25 15255.077713 5292.932967
13 15 8239.136441 2728.295975 8363.360011 2961.234089 28 16602.496452 5689.530064
17 13 10981.730054 3826.546801 6584.653639 2260.174499 30 17566.383693 6086.721300
21 14 13249.052593 4601.116438 8098.948347 2885.313230 35 21348.000940 7486.429668
25 12 17040.312178 5909.338077 6984.490217 2302.005235 37 24024.802395 8211.343312
29 15 21443.206144 6968.313645 7073.904961 2311.980420 44 28517.111105 9280.294065
34 15 25134.154458 8351.495717 8343.763338 2493.354516 49 33477.917796 10844.850233
37 15 26425.852044 8788.394335 8748.031553 2718.123923 52 35173.883597 11506.518258
39 17 27258.359035 9086.607805 10670.122974 3654.620511 56 37928.482009 12741.228316
47 14 33070.736776 10911.979316 7966.354612 2815.153956 61 41037.091388 13727.133272
49 18 34759.536776 11476.477865 10316.128937 3687.458256 67 45075.665713 15163.936121
52 17 35999.302686 12146.170447 10081.504077 3496.492175 69 46080.806763 15642.662622
53 20 36689.147251 12349.904171 11234.481380 3993.744636 73 47923.628631 16343.648807
57 18 39274.033779 13329.810940 10167.276046 3431.676258 75 49441.309825 16761.487198
62 13 42737.689911 14298.596546 6703.619914 2462.890652 75 49441.309825 16761.487198
67 10 46983.123249 15682.064004 3808.996774 1441.065200 77 50792.120023 17123.129204
68 9 47181.316125 15767.671993 3610.803898 1355.457211 77 50792.120023 17123.129204
68 10 47181.316125 15767.671993 5110.691467 1710.939957 78 52292.007592 17478.611950
69 10 48088.267554 16067.673426 4785.410889 1613.437370 79 52873.678443 17681.110796
70 9 48159.914616 16103.496957 4713.763827 1577.613839 79 52873.678443 17681.110796
71 8 48416.254616 16233.968648 4457.423827 1447.142148 79 52873.678443 17681.110796
71 8 48416.254616 16233.968648 4457.423827 1447.142148 79 52873.678443 17681.110796
72 7 48458.575474 16255.129077 4415.102969 1425.981719 79 52873.678443 17681.110796
72 7 48458.575474 16255.129077 4415.102969 1425.981719 79 52873.678443 17681.110796
73 6 49040.246325 16457.627923 3833.432118 1223.482873 79 52873.678443 17681.110796
75 4 51059.497965 16989.744436 1814.180478 691.366360 79 52873.678443 17681.110796
76 3 51348.956702 17099.982673 1524.721741 581.128123 79 52873.678443 17681.110796
76 4 51348.956702 17099.982673 2166.331335 713.316630 80 53515.288037 17813.299303
76 4 51348.956702 17099.982673 2166.331335 713.316630 80 53515.288037 17813.299303
76 4 51348.956702 17099.982673 2166.331335 713.316630 80 53515.288037 17813.299303
77 3 51902.667752 17315.315176 1612.620285 497.984127 80 53515.288037 17813.299303
78 2 52129.767374 17396.905061 1385.520663 416.394242 80 53515.288037 17813.299303
