0 0 0.000000 0.000000 0.000000 0.000000 0 0.000000 0.000000
2 4 745.895445 391.256635 2113.612298 1160.921494 6 2859.507743 1552.178129
3 6 800.807743 418.712784 3324.955919 1741.929065 9 4125.763662 2160.641849
5 7 2068.457743 1210.747729 3431.680386 1586.531864 12 5500.138129 2797.279593
7 12 4692.623370 1894.165045 6407.892246 2560.211081 19 11100.515616 4454.376126
7 16 4692.623370 1894.165045 9319.059860 3660.519428 23 14011.683230 5554.684473
9 19 5594.123370 2306.805302 11496.496631 4440.536988 28 17090.620001 6747.342290
13 21 7638.229289 3351.678300 12847.808677 4598.121534 34 20486.037966 7949.799834
18 18 10187.962123 4535.321703 11791.295843 4171.415968 36 21979.257966 8706.737671
21 16 13107.900509 5406.449782 8918.107457 3347.034976 37 22026.007966 8753.484758
25 16 15713.502060 6504.700608 8544.452014 3153.236958 41 24257.954074 9657.937566
28 16 16277.323920 6818.011883 9157.119168 3429.289453 44 25434.443088 10247.301336
32 17 19835.643791 8126.233522 8615.222467 3486.312750 49 28450.866258 11612.546272
38 15 22971.667653 9728.344086 6267.958887 2312.821647 53 29239.626540 12041.165733
42 16 25626.056250 10771.374101 7597.385415 2686.949696 58 33223.441665 13458.323797
46 15 27259.230717 11549.266003 7613.910948 2570.725819 61 34873.141665 14119.991822
49 19 28451.350717 11995.183485 12292.629282 4299.907856 68 40743.979999 16295.091341
54 19 30880.750307 13086.537933 12984.459692 4271.791650 73 43865.209999 17358.329583
57 22 33381.606415 13809.211818 14948.264642 4985.920614 79 48329.871057 18795.132432
62 19 37893.165881 15176.050075 12151.045176 4097.808858 81 50044.211057 19273.858933
63 23 38805.154603 15379.783799 13349.501150 4797.560165 86 52154.655753 20177.343964
68 21 42545.311538 16820.948930 11811.682066 4235.491787 89 54356.993604 21056.440717
72 17 43819.818537 17450.661758 10537.175067 3605.778959 89 54356.993604 21056.440717
76 13 46594.008537 18649.120977 7762.985067 2407.319740 89 54356.993604 21056.440717
78 11 47854.016994 19073.801744 6502.976610 1982.638973 89 54356.993604 21056.440717
78 11 47854.016994 19073.801744 6502.976610 1982.638973 89 54356.993604 21056.440717
81 8 49541.831261 19752.935790 4815.162343 1303.504927 89 54356.993604 21056.440717
82 7 49613.478323 19788.759321 4743.515281 1267.681396 89 54356.993604 21056.440717
83 6 50133.098323 19919.231012 4223.895281 1137.209705 89 54356.993604 21056.440717
83 6 50133.098323 19919.231012 4223.895281 1137.209705 89 54356.993604 21056.440717
84 5 50154.258752 19940.391441 4202.734852 1116.049276 89 54356.993604 21056.440717
84 5 50154.258752 19940.391441 4202.734852 1116.049276 89 54356.993604 21056.440717
84 5 50154.258752 19940.391441 4202.734852 1116.049276 89 54356.993604 21056.440717
84 5 50154.258752 19940.391441 4202.734852 1116.049276 89 54356.993604 21056.440717
85 4 50501.918752 20050.629678 3855.074852 1005.811039 89 54356.993604 21056.440717
85 4 50501.918752 20050.629678 3855.074852 1005.811039 89 54356.993604 21056.440717
85 4 50501.918752 20050.629678 3855.074852 1005.811039 89 54356.993604 21056.440717
86 3 52174.838752 20475.312594 2182.154852 581.128123 89 54356.993604 21056.440717
87 2 52987.348752 20690.645097 1369.644852 365.795620 89 54356.993604 21056.440717
88 1 53188.068752 20772.234982 1168.924852 284.205735 89 54356.993604 21056.440717
