0 0 0.000000 0.000000 0.000000 0.000000 0 0.000000 0.000000
1 5 169.007389 62.104618 2371.531465 870.325951 6 2540.538854 932.430569
2 9 2148.749465 765.005914 5646.783632 1893.010015 11 7795.533097 2658.015929
4 11 3476.948467 1329.489259 6319.196287 1988.554572 15 9796.144754 3318.043831
5 13 3910.289956 1506.041807 9548.014293 2839.976847 18 13458.304249 4346.018654
6 15 4402.131690 1760.964671 9791.740543 2936.337623 21 14193.872233 4697.302294
9 15 6179.980932 2225.623744 8457.473364 2689.693108 24 14637.454296 4915.316852
9 16 6179.980932 2225.623744 9172.624514 3062.919402 25 15352.605446 5288.543146
10 18 6332.150923 2331.800084 10676.030585 3404.410919 28 17008.181508 5736.211003
12 18 7306.356842 2721.661516 11059.064347 3462.400409 30 18365.421189 6184.061925
14 21 9186.913899 3258.941979 12390.744677 3930.581005 35 21577.658576 7189.522984
18 19 11543.292124 3836.482705 11770.752774 3646.316020 37 23314.044898 7482.798725
20 23 12682.083556 4223.050734 15174.229140 4387.325601 43 27856.312696 8610.376335
23 24 15130.952968 5098.750883 14750.618375 4021.525230 47 29881.571343 9120.276113
25 23 15609.494630 5282.690771 16813.908097 4398.521495 48 32423.402727 9681.212266
28 23 18283.303000 5946.368894 16920.664441 4448.498375 51 35203.967441 10394.867269
31 25 19232.049000 6231.939211 20392.452774 5175.479882 56 39624.501774 11407.419093
37 21 23117.295012 7271.865640 17127.388943 4258.781367 58 40244.683955 11530.647007
42 19 29464.824314 8532.890035 13075.163897 3474.092025 61 42539.988211 12006.982060
44 21 31886.542964 9207.464253 13024.297303 3448.811959 65 44910.840267 12656.276212
46 24 33978.160243 9810.311322 13321.786442 3694.314183 70 47299.946685 13504.625505
48 26 34719.277799 10074.403730 14209.674505 4032.625801 74 48928.952304 14107.029531
49 27 34745.738009 10083.223800 14971.071826 4205.300709 76 49716.809835 14288.524509
52 25 36742.939352 10846.148582 14235.467712 3801.307327 77 50978.407064 14647.455909
54 27 37456.788111 11074.507505 16078.228143 4556.730070 81 53535.016254 15631.237575
57 28 38742.762184 11422.623381 15672.827241 4552.182723 85 54415.589425 15974.806104
58 29 40213.031826 11581.740963 15916.776004 5024.059876 87 56129.807830 16605.800839
62 27 41794.920219 12138.104493 16481.345784 4999.750481 89 58276.266003 17137.854974
65 25 43532.332628 12556.868364 15859.384296 4828.452529 90 59391.716924 17385.320893
65 27 43532.332628 12556.868364 16411.266655 5059.050976 92 59943.599283 17615.919340
66 29 44647.783549 12804.334283 16372.813257 5214.178002 95 61020.596806 18018.512285
70 28 46775.917852 13592.096714 17491.016740 5213.685756 98 64266.934592 18805.782470
71 31 47292.187390 13748.941427 18052.595433 5475.324102 102 65344.782823 19224.265529
71 33 47292.187390 13748.941427 19145.280222 5895.252757 104 66437.467612 19644.194184
73 34 49415.389389 14205.675268 18612.230077 5994.694730 107 68027.619466 20200.369998
75 36 49807.445797 14373.115005 22426.557420 6607.416400 111 72234.003217 20980.531405
76 36 49817.639147 14378.211680 22481.800916 6635.038148 112 72299.440063 21013.249828
81 33 51594.418204 14939.160905 21638.125392 6265.954661 114 73232.543596 21205.115566
85 31 53486.173516 15583.224087 20215.870551 5832.853620 116 73702.044067 21416.077707
90 28 56848.595983 16329.891044 17408.172595 5200.731506 118 74256.768578 21530.622550
90 30 56848.595983 16329.891044 18799.711758 5688.412269 120 75648.307741 22018.303313
92 31 57230.876957 16461.745838 20146.913557 5968.039552 123 77377.790514 22429.785390
98 28 61858.752827 17574.347506 16719.460299 5233.696184 126 78578.213126 22808.043690
100 29 62920.639100 17867.735171 19211.941684 5663.287529 129 82132.580784 23531.022700
103 28 66097.869923 18618.225972 16635.784952 5114.795001 131 82733.654875 23733.020973
105 29 66724.322774 18924.047811 18330.793764 5467.766785 134 85055.116538 24391.814596
110 26 69266.148198 19965.886264 16253.301649 4599.585687 136 85519.449847 24565.471951
111 27 70402.397570 20121.678479 16974.205790 4940.933183 138 87376.603360 25062.611662
116 28 74633.452717 21434.822773 15073.537654 4555.932734 144 89706.990371 25990.755507
119 28 78081.571325 22440.727553 13720.934636 4228.695775 147 91802.505961 26669.423328
123 28 79963.231270 23059.696508 13143.461015 4317.613125 151 93106.692285 27377.309633
128 24 82378.122234 23837.816431 10924.452678 3604.787411 152 93302.574912 27442.603842
130 24 83186.489056 24000.155259 11397.237160 3979.846769 154 94583.726216 27980.002028
133 25 84894.443240 24550.536058 12121.247598 4213.302380 158 97015.690838 28763.838438
137 23 86297.678428 24995.579996 11747.741412 4118.164978 160 98045.419840 29113.744974
141 22 87968.194034 25737.431807 12658.476939 4378.482980 163 100626.670973 30115.914787
142 27 88175.117415 25806.756399 16397.710569 5403.202000 169 104572.827984 31209.958399
145 28 90910.453514 26681.108344 15833.332292 5082.872237 173 106743.785806 31763.980581
149 26 93340.188910 27393.843605 14984.676777 4860.857670 175 108324.865687 32254.701275
156 21 97270.591929 28652.842311 11460.963368 3735.590149 177 108731.555297 32388.432460
157 22 98163.692799 28977.833848 12248.104488 4008.720930 179 110411.797287 32986.554778
162 18 101323.029131 29841.439426 9420.960919 3229.604172 180 110743.990050 33071.043598
162 20 101323.029131 29841.439426 10994.644370 3669.415809 182 112317.673501 33510.855235
165 23 103304.998409 30403.725907 13049.299325 4488.248338 188 116354.297734 34891.974245
167 25 105275.114580 31004.709987 14298.589105 4775.088689 192 119573.703685 35779.798676
170 25 106453.370317 31537.525629 14212.438209 4569.265097 195 120665.808526 36106.790726
174 21 108106.298994 32099.554924 12559.509532 4007.235802 195 120665.808526 36106.790726
177 23 109659.099358 32507.165666 12932.742384 4282.306708 200 122591.841742 36789.472374
178 22 110032.144860 32627.306967 12559.696882 4162.165407 200 122591.841742 36789.472374
179 23 110048.755920 32643.918027 12950.849027 4321.793032 202 122999.604947 36965.711059
183 24 111839.092248 33308.671121 13662.442289 4362.871100 207 125501.534537 37671.542221
186 25 114198.543040 33883.234658 14490.557986 4883.499353 211 128689.101026 38766.734011
193 21 118605.856450 35295.918171 11702.380990 3955.858283 214 130308.237440 39251.776454
194 25 119015.550532 35480.240947 14706.107954 4825.252699 219 133721.658486 40305.493646
195 30 119889.818720 35734.403533 17712.764976 5623.165469 225 137602.583696 41357.569002
201 28 123047.010191 36733.399304 15523.912617 4993.448738 229 138570.922808 41726.848042
205 26 124260.229962 37329.491521 14693.041961 4616.860151 231 138953.271923 41946.351672
209 23 126771.141162 38091.596934 12336.064727 3906.066060 232 139107.205889 41997.662994
213 21 129178.031075 38834.742359 11143.301748 3577.849743 234 140321.332823 42412.592102
216 21 131598.658657 39477.750267 10758.962709 3429.848085 237 142357.621366 42907.598352
216 25 131598.658657 39477.750267 13849.573036 4272.269012 241 145448.231693 43750.019279
217 27 132674.833972 39846.695502 15545.690297 4641.276862 244 148220.524269 44487.972364
217 29 132674.833972 39846.695502 17114.005510 5065.528207 246 149788.839482 44912.223709
220 27 135034.967423 40528.812377 15484.178387 4664.906321 247 150519.145810 45193.718698
222 29 136213.052155 40897.335524 16500.334888 4989.572621 251 152713.387043 45886.908145
225 30 138875.411851 41588.614144 15444.296765 4923.883358 255 154319.708616 46512.497502
227 32 139810.722815 41918.541549 17178.156948 5356.324713 259 156988.879763 47274.866262
230 30 141804.686741 42491.387640 15797.489346 4950.583550 260 157602.176087 47441.971190
234 27 142490.059557 42761.103355 15250.491400 4750.055270 261 157740.550957 47511.158625
235 29 143200.736425 42881.418779 15601.701341 4997.969619 264 158802.437766 47879.388398
237 28 143473.970924 42974.178527 16159.593636 5171.564935 265 159633.564560 48145.743462
240 26 145015.036883 43530.499302 15339.217236 4907.663399 266 160354.254119 48438.162701
242 26 146720.240708 44034.774615 14380.831104 4726.539810 268 161101.071812 48761.314425
246 24 147550.680811 44411.496370 14286.916097 4705.970334 270 161837.596908 49117.466704
247 25 148020.912970 44671.338160 14469.957540 4808.405955 272 162490.870510 49479.744115
252 20 151110.826790 45614.298391 11380.043720 3865.445724 272 162490.870510 49479.744115
255 20 152021.463729 45998.794331 12842.678696 4081.116526 275 164864.142425 50079.910857
260 15 153887.138395 46653.657659 10977.004030 3426.253198 275 164864.142425 50079.910857
