0 0 0.000000 0.000000 0.000000 0.000000 0 0.000000 0.000000
1 2 235.115445 97.474579 311.252298 157.927840 3 546.367743 255.402419
2 4 290.027743 124.930728 1783.158820 738.935411 6 2073.186563 863.866139
4 4 2467.751862 878.776769 1250.793747 480.455247 8 3718.545609 1359.232016
4 8 2467.751862 878.776769 2853.786494 1218.848579 12 5321.538356 2097.625348
4 12 2467.751862 878.776769 5692.975297 2319.156926 16 8160.727159 3197.933695
5 16 3711.845262 1340.035131 8454.544372 3334.460371 21 12166.389634 4674.495502
8 17 4986.863947 1796.393167 10242.680319 3628.998040 25 15229.544266 5425.391207
11 15 6715.436964 2318.426258 9171.707546 3435.765071 26 15887.144510 5754.191329
14 13 9265.640410 3189.554337 6761.745361 2611.384079 27 16027.385771 5800.938416
18 11 11684.787752 4287.805163 5080.048907 1910.324489 29 16764.836659 6198.129652
21 11 12065.653211 4601.116438 5608.125993 2186.376984 32 17673.779204 6787.493422
25 9 15414.508890 5909.338077 4368.310483 1603.068989 34 19782.819373 7512.407066
28 10 18099.893305 6809.037631 3291.019505 1271.291402 38 21390.912810 8080.329033
30 12 19626.084613 7457.410033 5838.229356 1937.524449 42 25464.313969 9394.934482
33 13 20930.365077 7894.308651 6567.447966 2412.244575 46 27497.813043 10306.553226
35 15 21570.746154 8192.522121 8315.645377 3348.741163 50 29886.391531 11541.263284
40 14 24593.743514 9283.876569 6686.797371 2815.153956 54 31280.540885 12099.030525
42 18 25738.113514 9848.375118 9873.192111 3687.458256 60 35611.305625 13535.833374
45 17 27318.276353 10518.067700 9846.398579 3496.492175 62 37164.674932 14014.559875
46 20 28352.092819 10721.801424 10760.531342 3993.744636 66 39112.624161 14715.546060
50 18 30840.620889 11701.708193 9664.208821 3431.676258 68 40504.829710 15133.384451
55 13 33686.927864 12670.493799 6817.901846 2462.890652 68 40504.829710 15133.384451
