0 0 0.000000 0.000000 0.000000 0.000000 0 0.000000 0.000000
1 6 85.920000 62.104618 2190.773460 1094.953578 7 2276.693460 1157.058196
4 11 3514.950853 1114.403483 5529.560898 2382.913892 15 9044.511751 3497.317375
5 15 4143.690853 1492.519687 6696.816412 2746.581491 20 10840.507265 4239.101178
6 19 4463.831327 1669.072235 10336.384524 4378.327541 25 14800.215851 6047.399776
8 22 5955.991327 2343.313699 11074.124222 4579.823495 30 17030.115549 6923.137194
11 23 7342.761496 2807.972772 10973.744755 4860.776942 34 18316.506251 7668.749714
12 24 8518.791496 3324.951538 11358.344755 5018.361679 36 19877.136251 8343.313217
13 26 8705.361496 3431.127878 14003.414755 5661.625284 39 22708.776251 9092.753162
17 29 10599.651496 4269.614001 16708.542509 6839.937124 46 27308.194005 11109.551125
21 27 13240.236528 5329.769314 13865.505451 6075.642967 48 27105.741979 11405.412281
24 26 14033.260930 5605.972831 13403.412202 5963.833082 50 27436.673132 11569.805913
28 31 16603.077430 6673.299166 16882.835794 6784.230514 59 33485.913224 13457.529680
31 34 18566.652226 7624.731525 17373.875243 7443.333041 65 35940.527469 15068.064566
34 32 19537.752226 8032.213063 17005.155981 7262.323109 66 36542.908207 15294.536172
39 30 23414.634439 9525.472089 14744.181166 6482.719086 69 38158.815605 16008.191175
43 33 24395.154524 9916.177584 18133.475662 7748.778886 76 42528.630186 17664.956470
52 30 28950.662016 11715.594843 16222.249402 6754.139139 82 45172.911418 18469.733982
55 28 30594.057704 12336.295234 14918.872586 6293.811506 83 45512.930290 18630.106740
58 30 33595.215182 13406.414608 13819.095108 6022.963336 88 47414.310290 19429.377944
60 34 35017.172221 14009.261677 14908.626940 6445.330209 94 49925.799161 20454.591886
63 37 36400.317007 14560.434937 15836.725807 7115.308748 100 52237.042814 21675.743685
65 38 36935.627147 14928.186407 16299.099845 7337.974044 103 53234.726992 22266.160451
68 36 38264.096584 15509.044438 15784.283990 7029.860708 104 54048.380574 22538.905146
72 37 40009.074411 16175.354519 16786.477813 7691.494361 109 56795.552224 23866.848880
77 38 42407.008216 17017.645971 16749.993765 7745.658079 115 59157.001981 24763.304050
79 40 44078.190861 17550.621960 17744.817073 8448.279829 119 61823.007934 25998.901789
83 38 46069.264990 18139.187859 16570.998299 8328.059651 121 62640.263289 26467.247510
88 35 48271.085522 19389.548969 15964.437767 7734.676053 123 64235.523289 27124.225022
92 34 50033.635522 20289.817997 15303.147350 7216.446069 126 65336.782872 27506.264066
94 39 50465.875522 20760.949057 19648.319670 8380.462219 133 70114.195192 29141.411276
99 39 52256.354697 21810.565009 20367.114920 8523.867782 138 72623.469617 30334.432791
99 45 52256.354697 21810.565009 23057.868272 9999.485395 144 75314.222969 31810.050404
102 45 53734.652133 22651.150027 23613.353692 10010.929705 147 77348.005825 32662.079732
105 46 55744.239793 23626.103494 23777.093758 9747.735320 151 79521.333551 33373.838814
108 49 56578.393203 24119.637659 26668.104427 10410.328196 157 83246.497630 34529.965855
112 47 58359.309547 24896.330237 22935.197342 9935.374267 159 81294.506889 34831.704504
121 42 62260.129068 26895.925779 20185.284102 8338.606604 163 82445.413170 35234.532383
124 40 63654.407022 27453.683865 18635.541964 7855.285744 164 82289.948986 35308.969609
129 37 65250.885314 28141.711611 17116.882985 7426.018319 166 82367.768299 35567.729930
131 39 66563.075314 28803.776491 18929.612233 8266.640387 170 85492.687547 37070.416878
134 42 67239.617269 29175.806302 20846.288240 9619.424827 176 88085.905509 38795.231129
140 38 70345.423616 30288.407970 18077.991893 8682.729739 178 88423.415509 38971.137709
143 37 72297.153616 31106.703465 18028.105760 8396.072847 180 90325.259376 39502.776312
147 37 73760.353616 31979.003170 18562.077007 8113.122843 184 92322.430623 40092.126013
149 39 74450.523616 32284.825009 19693.921461 9082.952430 188 94144.445077 41367.777439
154 37 76800.809628 33326.663462 18473.545449 8728.953606 191 95274.355077 42055.617068
158 38 79856.579065 34531.556001 18858.587279 8878.416022 196 98715.166344 43409.972023
163 37 83226.056025 35997.471177 17439.918008 7970.444393 200 100665.974033 43967.915570
165 38 84631.619007 36624.107009 17545.192781 7897.695644 203 102176.811788 44521.802653
171 34 87093.059834 37874.159704 15426.191954 6866.697705 205 102519.251788 44740.857409
174 36 87862.279312 38172.275136 16855.780913 7547.558839 210 104718.060225 45719.833975
179 35 91433.259781 39568.437746 14799.245009 7246.796841 214 106232.504790 46815.234587
186 33 94043.038835 40670.459904 14980.784532 7163.127723 219 109023.823367 47833.587627
190 34 96115.259110 41700.590998 17277.128793 7860.623317 224 113392.387903 49561.214315
194 35 97616.606243 42385.190636 18425.299574 8520.521428 229 116041.905817 50905.712064
196 40 98625.189624 43060.507648 21306.691914 9262.583085 236 119931.881538 52323.090733
201 39 102076.160204 44520.318000 18334.615234 8517.710465 240 120410.775438 53038.028465
205 37 104261.938479 45233.053261 17600.405579 8295.695898 242 121862.344058 53528.749159
212 35 106828.540189 46492.051967 15675.969422 7670.388037 247 122504.509611 54162.440004
215 34 107924.060189 47364.553807 16218.615695 7469.174823 249 124142.675884 54833.728630
218 32 109105.496598 47936.793370 14398.794848 6981.424080 250 123504.291446 54918.217450
221 33 111501.108587 48953.568053 13201.903712 6622.775824 254 124703.012299 55576.343877
227 34 113221.310175 49921.710592 14893.314482 7116.122615 261 128114.624657 57037.833207
230 35 114610.033540 50705.346022 16183.435639 7257.123099 265 130793.469179 57962.469121
236 33 116935.220321 51851.844674 15303.628701 6704.677420 269 132238.849022 58556.522094
242 28 118913.229094 52781.044372 13615.547954 6112.110032 270 132528.777048 58893.154404
245 31 119575.959094 53157.070955 14236.737966 6889.698201 276 133812.697060 60046.769156
247 29 120178.147040 53459.803516 13634.550020 6586.965640 276 133812.697060 60046.769156
248 33 120194.758100 53476.414576 15285.838173 7737.721002 281 135480.596273 61214.135578
253 35 122893.752173 54769.105460 16743.306486 7679.400873 288 139637.058659 62448.506333
260 33 126106.578218 56244.115009 16660.214696 7616.564913 293 142766.792914 63860.679922
267 33 130026.176315 58099.406884 18320.971328 7283.651203 300 148347.147643 65383.058087
269 36 131462.306315 58739.951913 18559.340206 7491.710859 305 150021.646521 66231.662772
272 38 135032.097984 59785.259632 17696.368775 7406.379489 310 152728.466759 67191.639121
278 37 136947.153256 60663.844008 15786.084729 7300.537799 315 152733.237985 67964.381807
282 36 138484.335615 61216.167433 16423.671428 7332.452188 318 154908.007043 68548.619621
285 34 139331.350696 61507.339742 15730.590313 7092.591201 319 155061.941009 68599.930943
290 33 142191.864848 62821.833959 15296.440241 6732.094762 323 157488.305089 69553.928721
293 35 142389.944848 63146.713912 17543.039319 7576.253798 328 159932.984167 70722.967710
293 39 142389.944848 63146.713912 18447.245249 8383.854177 332 160837.190097 71530.568089
295 41 144133.952506 63986.592251 20251.355620 8595.812605 336 164385.308126 72582.404856
296 44 145194.842506 64564.336899 22063.977529 8963.509011 340 167258.820035 73527.845910
298 44 146129.917706 65022.116451 22378.171738 8866.726133 342 168508.089444 73888.842584
300 46 146835.307706 65446.003199 24249.726419 9459.394194 346 171085.034125 74905.397393
303 47 148384.247706 66070.276454 24145.246419 9499.953812 350 172529.494125 75570.230266
307 46 150214.533515 66828.995663 23900.752477 9267.873790 353 174115.285992 76096.869453
310 46 151948.725456 67530.846365 21775.271526 9337.396751 356 173723.996982 76868.243116
315 44 153600.854809 68222.468238 21305.456895 9473.905958 359 174906.311704 77696.374196
320 44 156521.172234 69413.586626 23062.925165 10194.416376 364 179584.097399 79608.003002
325 42 158895.968263 70295.123914 22362.724760 9889.843863 367 181258.693023 80184.967777
328 40 159786.740803 70659.007073 22763.915024 9818.379943 368 182550.655827 80477.387016
330 40 161523.349833 71163.282386 21848.725994 9634.193463 370 183372.075827 80797.475849
337 36 163730.874506 72339.045552 19974.565952 9430.381031 373 183705.440458 81769.426583
342 32 166150.529121 73426.943239 17675.671337 8420.258653 374 183826.200458 81847.201892
346 30 168784.308569 74641.022358 15626.421889 7635.747197 376 184410.730458 82276.769555
351 27 170242.983752 75300.458489 15003.526485 7447.780741 378 185246.510237 82748.239230
354 25 172444.983752 76163.091285 12886.336512 6669.957972 379 185331.320264 82833.049257
358 21 174267.067388 77000.548615 11037.689126 5832.500642 379 185304.756514 82833.049257
360 21 175263.747631 77471.487029 11464.538482 5793.031141 381 186728.286113 83264.518170
363 19 176632.232441 78107.363512 11265.502890 5487.947871 382 187897.735331 83595.311383
366 16 178267.848156 78731.532156 9629.887175 4863.779227 382 187897.735331 83595.311383
367 15 179378.628156 79325.114154 8519.107175 4270.197229 382 187897.735331 83595.311383
