0 0 0.000000 0.000000 0.000000 0.000000 0 0.000000 0.000000
1 6 85.920000 62.104618 2190.773460 1094.953578 7 2276.693460 1157.058196
4 11 3281.460843 1114.403483 6894.484320 2382.913892 15 10175.945163 3497.317375
5 15 3894.330843 1492.519687 6853.307658 2746.581491 20 10747.638501 4239.101178
6 19 4214.471317 1669.072235 11143.347263 4378.327541 25 15357.818580 6047.399776
8 22 5811.793071 2343.313699 13692.961824 4999.980030 30 19504.754895 7343.293729
11 23 7212.827223 2807.972772 12911.298316 4858.470693 34 20124.125539 7666.443465
12 24 8016.137223 3324.951538 12134.645547 5016.055430 36 20150.782770 8341.006968
13 26 8418.717223 3431.127878 12727.355547 5659.319035 39 21146.072770 9090.446913
16 28 9826.557482 4045.616937 14260.733035 6304.456946 44 24087.290517 10350.073883
20 26 12676.065333 5105.772250 13170.295575 5779.067541 46 25846.360908 10884.839791
24 26 14396.765157 5747.236462 12777.659864 5707.743564 50 27174.425021 11454.980026
27 29 16534.995952 6437.061388 14107.475542 6006.278834 56 30642.471494 12443.340222
30 30 18599.454295 7232.821227 14347.735774 6067.035068 60 32947.190069 13299.856295
33 29 19223.564295 7640.302765 14329.850712 5913.980294 62 33553.415007 13554.283059
37 29 22561.586123 8907.090185 14992.898026 5756.393033 66 37554.484149 14663.483218
40 33 23378.987348 9192.660502 20960.280984 7456.326705 73 44339.268332 16648.987207
47 31 26605.184311 10330.532992 19824.140215 6961.017138 78 46429.324526 17291.550130
51 28 28562.996176 11077.589326 15784.202060 6374.333562 79 44347.198236 17451.922888
55 31 31225.366083 12110.942055 16649.560629 6519.762046 86 47874.926712 18630.704101
56 36 31596.803639 12271.314813 16977.396487 7384.603230 92 48574.200126 19655.918043
60 37 33760.194920 13218.033229 18390.691203 7538.930691 97 52150.886123 20756.963920
62 37 34000.500356 13449.518595 17354.726783 7436.371317 99 51355.227139 20885.889912
66 35 35611.924055 14389.308026 15893.572762 7128.257981 101 51505.496817 21517.566007
70 34 37428.803287 15377.986496 15616.286078 6850.616482 104 53045.089365 22228.602978
75 35 39380.473928 16117.718574 15450.724613 6691.424196 110 54831.198541 22809.142770
75 39 39380.473928 16117.718574 18863.412751 7854.473066 114 58243.886679 23972.191640
81 36 42368.389374 17645.446682 18031.397587 7281.510044 117 60399.786961 24926.956726
84 34 43419.906862 18193.170917 17536.113693 6981.251728 118 60956.020555 25174.422645
87 35 44565.000396 18671.572419 18225.584120 7088.256357 122 62790.584516 25759.828776
90 38 46622.633990 19629.122844 19924.110193 7313.469008 128 66546.744183 26942.591852
94 38 48886.499930 20521.894083 20077.096758 7536.641903 132 68963.596688 28058.535986
94 46 48886.499930 20521.894083 24274.429969 9249.057206 140 73160.929899 29770.951289
98 45 51691.891930 21519.323814 23783.483926 9112.304085 143 75475.375856 30631.627899
102 44 54145.051008 22584.138985 20887.244590 8603.664728 146 75032.295598 31187.803713
104 50 54539.430090 22751.578722 24200.784356 10244.449396 154 78740.214446 32996.028118
107 49 55327.968448 23006.071112 23960.812844 10291.695655 156 79288.781292 33297.766767
118 42 61194.880737 25639.809164 18188.647998 8060.785482 160 79383.528735 33700.594646
124 37 63592.038764 26688.208076 16089.238875 7086.823796 161 79681.277639 33775.031872
127 37 64203.388902 27017.285467 15009.590346 7108.171582 164 79212.979248 34125.457049
130 38 65892.918614 27771.015203 16736.582521 7857.128794 168 82629.501135 35628.143997
133 40 66519.098202 28143.045014 19312.450355 8581.975444 173 85831.548557 36725.020458
139 37 69181.703570 29255.646682 17458.303214 7847.632076 176 86640.006784 37103.278758
143 35 70610.773570 30151.019558 15981.728046 7315.761771 178 86592.501616 37466.781329
147 34 72817.961561 31137.582289 14453.182831 6716.197021 181 87271.144392 37853.779310
148 36 72883.398407 31170.300712 16066.858513 7686.026608 184 88950.256920 38856.327320
153 33 75022.314359 32212.139165 14719.182561 6817.845510 186 89741.496920 39029.984675
156 35 76802.929388 32902.849430 16481.822484 7128.941898 191 93284.751872 40031.791328
162 33 80205.974295 34641.868022 13840.797367 5793.155150 195 94046.771662 40435.023172
163 35 80600.776385 34858.992261 14078.430715 6129.917994 198 94679.207100 40988.910255
168 33 82373.056385 35681.229837 14477.768333 5954.550293 201 96850.824718 41635.780130
172 33 83372.331516 36181.696989 13930.564090 6043.466391 205 97302.895606 42225.163380
176 31 85498.010123 37157.694350 12023.676013 5604.867216 207 97521.686136 42762.561566
183 28 88424.835393 38418.330210 11106.574498 5244.035328 211 99531.409891 43662.365538
187 31 90634.504820 39304.654984 15805.218179 6770.558772 218 106439.722999 46075.213756
191 34 93127.828743 40286.975194 17214.825459 7644.843552 225 110342.654202 47931.818746
193 37 94788.232124 40962.292206 17984.723238 7861.498664 230 112772.955362 48823.790870
197 37 97327.130161 42071.002726 17021.789635 7429.232392 234 114348.919796 49500.235118
202 35 99484.569237 42985.809475 16368.989603 7084.795759 237 115853.558840 50070.605234
210 31 103081.825796 44568.143238 14471.512821 6056.503419 241 117553.338617 50624.646657
211 31 103884.245796 44876.745049 13876.739008 6021.032389 242 117760.984804 50897.777438
213 30 104384.062789 45089.508173 13545.899655 5892.758085 243 117929.962444 50982.266258
216 31 106508.064699 45787.774433 14655.661223 6069.009876 247 121163.725922 51856.784309
222 32 108805.583422 46810.734194 16716.273397 6507.539445 254 125521.856819 53318.273639
224 34 110401.368777 47392.324863 17904.312601 7119.473033 258 128305.681378 54511.797896
231 32 113211.462060 48740.868276 15746.843191 6567.027354 263 128958.305251 55307.895630
238 28 116618.955786 49997.921273 12257.398942 5872.675288 266 128876.354728 55870.596561
241 30 117398.605786 50373.947856 12946.308413 6179.330353 271 130344.914199 56553.278209
243 28 117996.628543 50676.680417 12348.285656 5876.597792 271 130344.914199 56553.278209
244 32 118013.239603 50693.291477 15176.254263 7027.353154 276 133189.493866 57720.644631
248 34 119460.347577 51358.044571 16841.059986 7343.749978 282 136301.407563 58701.794549
254 34 122282.848152 52644.281936 17897.516095 7551.912710 288 140180.364247 60196.194646
262 31 127980.331494 54614.180757 15410.031579 6935.499531 293 143390.363073 61549.680288
264 33 128873.873529 54987.275717 15753.821554 6882.182216 297 144627.695083 61869.457933
267 36 131121.789336 56032.583436 17072.208157 7161.585030 303 148193.997493 63194.168466
271 37 132746.366152 56593.890122 16620.250568 7190.972933 308 149366.616720 63784.863055
276 34 134469.956578 57330.577017 15198.557034 6673.789668 310 149668.513612 64004.366685
279 32 134966.966611 57621.749326 14665.899564 6433.928681 311 149632.866175 64055.678007
285 29 138840.719652 59407.176647 12851.806523 5467.995486 314 151692.526175 64875.172133
288 31 139250.052844 59599.076449 14953.191230 6445.134673 319 154203.244074 66044.211122
288 36 139250.052844 59599.076449 17654.215238 7564.911217 324 156904.268082 67163.987666
289 40 140294.452844 59968.021684 20266.093752 8359.010551 329 160560.546596 68327.032235
291 41 142571.982158 60882.398642 20245.326173 8278.866845 332 162817.308331 69161.265487
294 41 144333.704881 61652.354359 18817.478871 8071.249692 335 163151.183752 69723.604051
296 41 145444.808341 62076.241107 19723.400665 8314.827940 337 165168.209006 70391.069047
301 41 148197.141575 63266.590436 19189.636653 8091.646798 342 167386.778228 71358.237234
302 44 148519.236513 63395.175951 20692.469440 8667.311476 346 169211.705953 72062.487427
306 42 150389.397083 64189.749567 19059.109504 8399.894776 348 169448.506587 72589.644343
312 37 152336.452822 64992.579242 17250.428635 7666.252536 349 169586.881457 72658.831778
316 38 156001.008611 65971.263907 17987.930157 8405.929702 354 173988.938768 74377.193609
321 35 157881.660331 66654.467140 18119.399783 8212.397656 356 176001.060114 74866.864796
323 34 158241.360331 66936.123791 18017.438493 8223.160244 357 176258.798824 75159.284035
326 32 159900.649311 67684.615851 16524.489513 7698.446528 358 176425.138824 75383.062379
331 32 161347.986780 68409.053831 19226.126912 8471.634637 363 180574.113692 76880.688468
336 29 164650.121693 69664.783180 16620.006477 7466.987953 365 181270.128170 77131.771133
340 27 167005.019796 70823.432396 15383.758374 6737.906400 367 182388.778170 77561.338796
344 24 168337.026124 71396.202512 14198.896521 6349.699786 368 182535.922645 77745.902298
348 23 170327.629760 72346.128896 13600.936248 5911.687131 371 183928.566008 78257.816027
351 20 172110.498052 73003.540186 11360.159752 5254.275841 371 183470.657804 78257.816027
352 20 172253.898052 73108.067033 11084.073108 5342.448725 372 183337.971160 78450.515758
355 17 174158.435820 73978.426240 9005.655340 4472.089518 372 183164.091160 78450.515758
355 17 174158.435820 73978.426240 9003.124957 4472.089518 372 183161.560777 78450.515758
356 16 175325.185820 74572.008238 7836.374957 3878.507520 372 183161.560777 78450.515758
