0 0 0.000000 0.000000 0.000000 0.000000 0 0.000000 0.000000
2 4 745.895445 391.256635 1869.090000 1160.921494 6 2614.985445 1552.178129
3 7 821.285445 418.712784 3233.320000 2026.018123 10 4054.605445 2444.730907
6 7 2960.485445 1587.037517 2865.170000 1586.531864 13 5825.655445 3173.569381
7 12 3340.775445 1894.165045 5334.330000 2560.211081 19 8675.105445 4454.376126
7 16 3340.775445 1894.165045 7867.537614 3660.519428 23 11208.313059 5554.684473
10 20 7424.425445 2768.063664 10872.066208 4952.231449 30 18296.491653 7720.295113
14 24 8989.075445 3812.936662 13190.451208 5464.687862 38 22179.526653 9277.624524
19 21 12861.541653 4991.558208 11400.155000 5043.004153 40 24261.696653 10034.562361
24 18 16690.576653 6917.029204 8901.930000 3696.884986 42 25592.506653 10613.914190
28 17 19431.771653 8015.280030 7872.615000 3344.911632 45 27304.386653 11360.191662
31 17 20202.371653 8328.591305 8165.625000 3620.964127 48 28367.996653 11949.555432
37 17 24251.241653 9987.763632 8016.372703 3486.312750 54 32267.614356 13474.076382
42 16 27817.129356 11430.598182 5498.275000 2651.894425 58 33315.404356 14082.492607
47 15 30102.829356 12757.717255 5913.685000 2550.258742 62 36016.514356 15307.975997
51 14 31244.959356 13409.695435 5765.355000 2559.948587 65 37010.314356 15969.644022
54 18 32323.649356 13855.612917 10315.821554 4417.369638 72 42639.470910 18272.982555
60 18 35901.339356 15390.568298 10445.971554 4389.253432 78 46347.310910 19779.821730
62 22 37076.929356 15955.066847 12545.394968 5261.557732 84 49622.324324 21216.624579
67 19 40767.065910 17597.542222 9785.658414 4097.808858 86 50552.724324 21695.351080
68 23 41298.600910 17801.275946 11062.311607 4797.560165 91 52360.912517 22598.836111
73 20 44062.774324 19120.255493 9026.773537 3896.419009 93 53089.547861 23016.674502
