0 0 0.000000 0.000000 0.000000 0.000000 0 0.000000 0.000000
1 2 235.115445 97.474579 772.369020 157.927840 3 1007.484465 255.402419
2 4 290.027743 124.930728 2026.714145 738.935411 6 2316.741888 863.866139
4 4 2352.715727 878.776769 1585.333341 480.455247 8 3938.049068 1359.232016
4 8 2352.715727 878.776769 3466.463873 1218.848579 12 5819.179600 2097.625348
4 12 2352.715727 878.776769 6482.399136 2319.156926 16 8835.114863 3197.933695
4 16 2352.715727 878.776769 10281.718695 3513.564889 20 12634.434422 4392.341658
7 17 3461.664414 1335.134805 11530.165243 3682.665625 24 14991.829657 5017.800430
10 15 6214.242417 2036.272414 9641.486859 3310.328138 25 15855.729276 5346.600552
12 17 7676.390584 2590.288886 9413.028610 3195.320271 29 17089.419194 5785.609157
16 14 10165.376348 3688.539712 7254.817283 2311.357257 30 17420.193631 5999.896969
20 13 11597.870373 4139.858076 7479.812701 2449.402663 33 19077.683074 6589.260739
25 12 16170.790868 5639.754389 7462.407825 2322.084750 37 23633.198693 7961.839139
29 13 19678.394037 6967.591658 6901.977253 2030.801421 42 26580.371290 8998.393079
32 14 22598.907926 7914.542580 6839.290331 2098.465604 46 29438.198257 10013.008184
36 15 26175.937227 8561.224928 7528.902077 2336.843223 51 33704.839304 10898.068151
40 14 27637.978501 9149.566251 8047.901633 2476.010326 54 35685.880134 11625.576577
44 14 29192.426229 9533.322106 8710.801381 2650.021712 58 37903.227610 12183.343818
48 17 32893.903179 10604.096964 10624.012875 3300.138761 65 43517.916054 13904.235725
50 16 34367.427580 11010.395548 9758.454895 3109.172680 66 44125.882475 14119.568228
51 19 34999.931034 11214.129272 10994.724489 3606.425141 70 45994.655523 14820.554413
56 16 38979.932424 12533.108819 7990.891521 2705.283985 72 46970.823945 15238.392804
59 14 40043.450837 12979.918223 7497.549716 2460.973427 73 47541.000553 15440.891650
62 12 42218.581237 13689.872313 6025.804182 1933.922761 74 48244.385419 15623.795074
63 11 42386.056581 13775.480302 5858.328838 1848.314772 74 48244.385419 15623.795074
64 11 42711.438369 13952.834674 5858.328838 1848.314772 75 48569.767207 15801.149446
65 11 43539.166217 14252.836107 6015.258246 1724.947106 76 49554.424463 15977.783213
66 11 43646.636810 14288.659638 7575.309798 2196.325207 77 51221.946608 16484.984845
69 8 46601.792285 15128.831807 4620.154323 1356.153038 77 51221.946608 16484.984845
69 8 46601.792285 15128.831807 4620.154323 1356.153038 77 51221.946608 16484.984845
71 6 47389.275929 15434.081294 3832.670679 1050.903551 77 51221.946608 16484.984845
71 7 47389.275929 15434.081294 4002.739548 1183.092058 78 51392.015477 16617.173352
71 7 47389.275929 15434.081294 4002.739548 1183.092058 78 51392.015477 16617.173352
71 7 47389.275929 15434.081294 4002.739548 1183.092058 78 51392.015477 16617.173352
72 6 47784.674687 15544.319531 3607.340790 1072.853821 78 51392.015477 16617.173352
73 5 48488.059553 15727.222955 2903.955924 889.950397 78 51392.015477 16617.173352
74 4 49472.716809 15903.856722 1919.298668 713.316630 78 51392.015477 16617.173352
74 4 49472.716809 15903.856722 1919.298668 713.316630 78 51392.015477 16617.173352
75 3 50080.683230 16119.189225 1311.332247 497.984127 78 51392.015477 16617.173352
76 2 50307.782852 16200.779110 1084.232625 416.394242 78 51392.015477 16617.173352
76 2 50307.782852 16200.779110 1084.232625 416.394242 78 51392.015477 16617.173352
