0 0 0.000000 0.000000 0.000000 0.000000 0 0.000000 0.000000
2 5 721.620000 391.256635 3965.960000 1983.294104 7 4687.580000 2374.550739
3 8 797.010000 418.712784 6121.430000 2848.390733 11 6918.440000 3267.103517
6 8 2661.640000 1587.037517 5115.960000 2408.904474 14 7777.600000 3995.941991
7 13 3207.590000 1894.165045 7389.070000 3382.583691 20 10596.660000 5276.748736
7 17 3207.590000 1894.165045 10332.150000 4482.892038 24 13539.740000 6377.057083
10 19 6081.800000 3129.177912 11448.660000 4814.224360 29 17530.460000 7943.402272
15 24 9364.480000 4635.309272 13232.370000 5971.669048 39 22596.850000 10606.978320
19 22 11933.580000 5675.923729 12214.530000 5687.992428 41 24148.110000 11363.916157
24 19 16412.710000 7630.000390 8792.090000 4313.267596 43 25204.800000 11943.267986
28 18 18949.070000 8728.251216 8130.350000 3961.294242 46 27079.420000 12689.545458
31 18 19395.310000 9041.562491 8803.700000 4237.346737 49 28199.010000 13278.909228
37 18 23584.530000 10700.734818 8284.610000 4102.695360 55 31869.140000 14803.430178
42 17 26298.720000 12143.569368 6806.570000 3268.277035 59 33105.290000 15411.846403
48 16 29925.930000 13655.696680 6486.260000 3166.641352 64 36412.190000 16822.338032
53 14 32109.540000 14924.057470 5933.650000 2559.948587 67 38043.190000 17484.006057
56 18 33209.390000 15369.974952 9420.680000 4417.369638 74 42630.070000 19787.344590
62 18 36962.760000 16904.930333 9745.520000 4389.253432 80 46708.280000 21294.183765
64 25 37815.710000 17469.428882 14516.810000 5862.627884 89 52332.520000 23332.056766
69 22 42254.510000 19111.904257 11786.610000 4698.879010 91 54041.120000 23810.783267
70 26 42623.190000 19315.637981 13792.220000 5398.630317 96 56415.410000 24714.268298
75 23 45361.390000 20634.617528 11942.620000 4497.489161 98 57304.010000 25132.106689
