0 0 0.000000 0.000000 0.000000 0.000000 0 0.000000 0.000000
2 4 745.895445 391.256635 1869.090000 1160.921494 6 2614.985445 1552.178129
3 7 821.285445 418.712784 3233.320000 2026.018123 10 4054.605445 2444.730907
6 7 2960.485445 1587.037517 2865.170000 1586.531864 13 5825.655445 3173.569381
7 12 3419.745445 1894.165045 5023.160000 2560.211081 19 8442.905445 4454.376126
7 16 3419.745445 1894.165045 7789.355076 3660.519428 23 11209.100521 5554.684473
10 20 5256.485445 2768.063664 12295.583651 4952.231449 30 17552.069096 7720.295113
14 24 7020.615445 3812.936662 14806.613651 5464.687862 38 21827.229096 9277.624524
19 21 10554.839096 4991.558208 12716.640000 5043.004153 40 23271.479096 10034.562361
24 18 16448.709096 6917.029204 8736.190000 3696.884986 42 25184.899096 10613.914190
28 17 18815.299096 8015.280030 7731.960000 3344.911632 45 26547.259096 11360.191662
31 17 19679.749096 8328.591305 8103.560000 3620.964127 48 27783.309096 11949.555432
37 17 23418.289096 9987.763632 7571.288926 3486.312750 54 30989.578022 13474.076382
42 16 26881.518022 11430.598182 5514.920000 2651.894425 58 32396.438022 14082.492607
47 15 29002.818022 12757.717255 5235.090000 2550.258742 62 34237.908022 15307.975997
52 14 31348.703209 13594.703674 5544.530000 2559.948587 66 36893.233209 16154.652261
55 17 32446.343209 14040.621156 8301.620000 3950.057846 72 40747.963209 17990.679002
61 17 35760.443209 15575.576537 8507.590000 3921.941640 78 44268.033209 19497.518177
63 21 36709.763209 16140.075086 9806.983414 4794.245940 84 46516.746623 20934.321026
67 19 39400.773209 17315.238669 8434.443414 4097.808858 86 47835.216623 21413.047527
68 23 40131.343209 17518.972393 10463.330725 4797.560165 91 50594.673934 22316.532558
73 20 42279.726623 18837.951940 9221.025327 3896.419009 93 51500.751950 22734.370949
77 16 43425.386623 19467.664768 8075.365327 3266.706181 93 51500.751950 22734.370949
81 12 46207.626623 20666.123987 5293.125327 2068.246962 93 51500.751950 22734.370949
82 11 46430.824639 20751.731976 5069.927311 1982.638973 93 51500.751950 22734.370949
82 11 46430.824639 20751.731976 5069.927311 1982.638973 93 51500.751950 22734.370949
85 8 48463.831950 21430.866022 3036.920000 1303.504927 93 51500.751950 22734.370949
86 7 48478.781950 21466.689553 3021.970000 1267.681396 93 51500.751950 22734.370949
87 6 48733.321950 21597.161244 2767.430000 1137.209705 93 51500.751950 22734.370949
87 6 48733.321950 21597.161244 2767.430000 1137.209705 93 51500.751950 22734.370949
88 5 48789.781950 21618.321673 2710.970000 1116.049276 93 51500.751950 22734.370949
88 5 48789.781950 21618.321673 2710.970000 1116.049276 93 51500.751950 22734.370949
88 6 48789.781950 21618.321673 3181.215638 1324.477383 94 51970.997588 22942.799056
88 6 48789.781950 21618.321673 3181.215638 1324.477383 94 51970.997588 22942.799056
89 5 49104.881950 21728.559910 2866.115638 1214.239146 94 51970.997588 22942.799056
89 5 49104.881950 21728.559910 2866.115638 1214.239146 94 51970.997588 22942.799056
90 4 49575.127588 21936.988017 2395.870000 1005.811039 94 51970.997588 22942.799056
91 3 50407.497588 22361.670933 1563.500000 581.128123 94 51970.997588 22942.799056
92 3 51236.817588 22577.003436 904.248869 497.984127 95 52141.066457 23074.987563
93 2 51305.037588 22658.593321 836.028869 416.394242 95 52141.066457 23074.987563
