0 0 0.000000 0.000000 0.000000 0.000000 0 0.000000 0.000000
2 4 745.895445 391.256635 1869.090000 1160.921494 6 2614.985445 1552.178129
3 7 821.285445 418.712784 3139.857831 2026.018123 10 3961.143276 2444.730907
6 7 3532.125188 1587.037517 3192.197831 1586.531864 13 6724.323019 3173.569381
7 12 4124.435188 1894.165045 5664.339691 2560.211081 19 9788.774879 4454.376126
7 16 4124.435188 1894.165045 7628.677305 3660.519428 23 11753.112493 5554.684473
10 20 5895.445188 2768.063664 9849.813238 4757.648595 30 15745.258426 7525.712259
14 21 7519.603019 3812.936662 10309.965407 4598.121534 35 17829.568426 8411.058196
20 18 11481.406566 5313.691672 9109.419332 4012.479697 38 20590.825898 9326.171369
22 17 12893.796566 5867.708144 7912.729332 3505.210312 39 20806.525898 9372.918456
26 16 14959.666566 6965.958970 7315.159332 3153.236958 42 22274.825898 10119.195928
29 16 15606.318426 7279.270245 7755.675545 3429.289453 45 23361.993971 10708.559698
34 17 18551.996499 8746.767898 8887.059901 3486.312750 51 27439.056400 12233.080648
39 16 21334.888928 10189.602448 7011.286692 2651.894425 55 28346.175620 12841.496873
44 15 24697.959393 11516.721521 5934.456692 2550.258742 59 30632.416085 14066.980263
47 15 26310.239393 12010.524365 6440.526692 2718.123923 62 32750.766085 14728.648288
51 17 28327.836865 12614.617183 8119.249220 3950.057846 68 36447.086085 16564.675029
57 17 32656.326085 14149.572564 7953.300000 3921.941640 74 40609.626085 18071.514204
59 21 33983.496085 14714.071113 10316.549496 4794.245940 80 44300.045581 19508.317053
63 19 36845.456085 15889.234696 8618.609496 4097.808858 82 45464.065581 19987.043554
64 23 37384.136085 16092.968420 10179.687410 4797.560165 87 47563.823495 20890.528585
69 20 39623.689978 17411.947967 8529.217882 3896.419009 89 48152.907860 21308.366976
