0 0 0.000000 0.000000 0.000000 0.000000 0 0.000000 0.000000
2 4 745.895445 391.256635 2113.612298 1160.921494 6 2859.507743 1552.178129
3 6 800.807743 418.712784 3324.955919 1741.929065 9 4125.763662 2160.641849
5 6 2068.457743 1210.747729 2605.965919 1302.442806 11 4674.423662 2513.190535
7 11 4861.205907 1894.165045 5690.487779 2276.122023 18 10551.693686 4170.287068
7 15 4861.205907 1894.165045 8365.661695 3376.430370 22 13226.867602 5270.595415
9 18 6532.525907 2306.805302 11228.349419 4156.447930 27 17760.875326 6463.253232
13 19 8673.891826 3351.678300 11558.310981 3951.362481 32 20232.202807 7303.040781
18 17 12290.904206 4535.321703 11110.033599 3728.390639 35 23400.937805 8263.712342
20 16 13856.134206 5089.338175 9591.553599 3221.121254 36 23447.687805 8310.459429
24 15 17165.544626 6187.589001 7760.093179 2869.147900 39 24925.637805 9056.736901
27 15 17889.026486 6500.900276 8575.893266 3145.200395 42 26464.919752 9646.100671
32 16 22273.163309 7968.397929 8113.218354 3202.223692 48 30386.381663 11170.621621
37 14 25840.729243 9411.232479 5046.656978 2028.732589 51 30887.386221 11439.965068
41 14 28333.403557 10454.262494 5595.774040 2211.185964 55 33929.177597 12665.448458
45 13 30476.660979 11106.240674 4808.036618 2220.875809 58 35284.697597 13327.116483
48 16 31610.930782 11552.158156 6943.102143 3610.985068 64 38554.032925 15163.143224
53 16 34328.365537 12643.512604 7566.867388 3582.868862 69 41895.232925 16226.381466
55 20 35474.205537 13208.011153 11059.469883 4455.173162 75 46533.675420 17663.184315
59 18 38395.955537 14383.174736 9256.449883 3758.736080 77 47652.405420 18141.910816
59 23 38395.955537 14383.174736 12105.419848 4662.221111 82 50501.375385 19045.395847
64 20 41973.612246 15566.815229 9780.357339 3896.419009 84 51753.969585 19463.234238
