0 0 0.000000 0.000000 0.000000 0.000000 0 0.000000 0.000000
1 5 85.920000 62.104618 1975.843460 870.325951 6 2061.763460 932.430569
2 10 1770.011638 765.005914 5641.373675 2158.286265 12 7411.385313 2923.292179
4 14 2947.900266 1329.489259 6298.643397 2521.953864 18 9246.543663 3851.443123
5 16 3386.981453 1506.041807 9451.996328 3438.953264 21 12838.977781 4944.995071
8 18 5106.796149 2343.313699 9537.889117 3535.314040 26 14644.685266 5878.627739
11 19 6435.921709 2807.972772 9302.103733 3393.804703 30 15738.025442 6201.777475
11 21 6435.921709 2807.972772 9960.878930 4292.322710 32 16396.800639 7100.295482
12 23 6542.098049 2914.149112 12202.359534 4935.586315 35 18744.457583 7849.735427
14 26 7392.781541 3304.010544 14058.324892 5805.351853 40 21451.106433 9109.362397
16 27 8090.526825 3678.872959 14741.657843 6027.687803 43 22832.184668 9706.560762
19 26 8722.506253 3955.076476 13892.760540 5915.877918 45 22615.266793 9870.954394
22 30 11004.967678 4644.901402 16997.329190 6656.887499 52 28002.296868 11301.788901
27 27 15269.413030 6199.440169 14119.436881 5634.160803 54 29388.849911 11833.600972
29 26 15854.508052 6383.380057 16855.163255 6011.157068 55 32709.671307 12394.537125
33 26 19216.102089 7650.167477 15592.056251 5559.187003 59 34808.158340 13209.354480
36 29 20005.461080 7935.737794 17235.455172 6289.677001 65 37240.916252 14225.414795
43 26 22222.702315 8928.712313 17301.419340 6147.808505 69 39524.121655 15076.520818
46 25 26378.619552 9701.017571 14271.752425 5822.956857 71 40650.371977 15523.974428
50 27 29850.881209 11007.588371 15496.318806 5711.202417 77 45347.200015 16718.790788
52 31 31868.530844 11610.435440 15945.666598 6115.822223 83 47814.197442 17726.257663
54 35 32363.502217 11874.527848 17258.605432 7070.995803 89 49622.107649 18945.523651
56 36 33381.392427 12242.279318 17806.680120 7229.726327 92 51188.072547 19472.005645
59 34 34766.029609 12933.353552 17198.717976 6811.396788 93 51964.747585 19744.750340
63 33 36323.197422 13599.663633 17468.488931 6856.123678 96 53791.686353 20455.787311
65 35 37625.541862 14011.919233 17148.942706 6787.436607 100 54774.484568 20799.355840
66 37 38173.616550 14170.649757 19175.338332 7582.109698 103 57348.954882 21752.759455
70 34 39661.815652 14759.215656 18300.459230 7255.235784 104 57962.274882 22014.451440
74 31 40990.183794 15352.232677 17162.938299 6801.234908 105 58153.122093 22153.467585
77 31 43779.444568 16625.635740 13200.333763 5961.797379 108 56979.778331 22587.433119
78 39 43995.994568 16849.300881 18675.100567 7879.918331 117 62671.095135 24729.219212
85 36 48658.175314 18592.645363 17270.152656 7252.517983 121 65928.327970 25845.163346
86 41 49307.270327 18840.111282 18287.368736 8251.271089 127 67594.639063 27091.382371
89 41 50870.190295 19680.696300 20105.784107 8636.186306 130 70975.974402 28316.882606
92 42 52284.024663 20655.649767 20599.831048 8372.991921 134 72883.855711 29028.641688
96 44 54715.682308 21500.341110 20960.001393 8812.657736 140 75675.683701 30312.998846
97 45 54730.972333 21505.437785 18491.717014 9109.299710 142 73222.689347 30614.737495
106 41 60031.453881 23339.297159 16165.249684 7926.571601 147 76196.703565 31265.868760
109 40 61199.862799 23818.228208 15384.568202 7657.868395 149 76584.431001 31476.096603
114 36 62730.189978 24454.329464 13043.784776 7061.874756 150 75773.974754 31516.204220
116 38 64627.589978 25116.394344 15078.304334 7902.496824 154 79705.894312 33018.891168
119 39 65381.237854 25488.424155 17430.970548 8197.435754 158 82812.208402 33685.859909
125 35 67089.786783 26601.025823 16125.448994 7260.740666 160 83215.235777 33861.766489
129 33 68584.716783 27496.398699 16315.539427 6739.881674 162 84900.256210 34236.280373
133 32 70258.260462 28555.641757 15076.349912 6067.636597 165 85334.610374 34623.278354
134 34 70290.978885 28588.360180 17004.905320 6988.367483 168 87295.884205 35576.727663
139 31 72713.888148 29630.198633 15073.686057 6120.186385 170 87787.574205 35750.385018
140 34 73201.204696 29785.990848 14650.217540 6874.945272 174 87851.422236 36660.936120
144 35 75572.979896 30997.972790 14558.541183 6537.172223 179 90131.521079 37535.145013
145 37 76061.506845 31215.097029 15529.297785 6873.935067 182 91590.804630 38089.032096
151 34 78550.552447 32349.953920 13266.728539 6092.599576 185 91817.280986 38442.553496
153 34 78815.895074 32449.980109 14189.420333 6323.324453 187 93005.315407 38773.304562
158 33 80639.243922 33398.603314 14769.115424 6321.905270 191 95408.359346 39720.508584
164 31 82879.736356 34298.273752 14497.301316 6149.845566 195 97377.037672 40448.119318
169 28 85076.588088 35400.956682 13727.392002 5847.570675 197 98803.980090 41248.527357
172 29 86826.966339 35938.620334 15241.263296 6345.944884 201 102068.229635 42284.565218
174 33 88030.719720 36613.937346 16058.633868 6445.337085 207 104089.353588 43059.274431
177 35 90287.908473 37418.697525 16163.080777 6754.498459 212 106450.989250 44173.195984
181 33 91504.548469 38131.432786 16798.663818 6717.846807 214 108303.212287 44849.279593
186 31 92381.421573 38729.830183 16530.232834 6490.899573 217 108911.654407 45220.729756
192 26 96417.211578 40363.212058 13483.304504 5119.135186 218 109900.516082 45482.347244
195 25 97594.977684 40837.592670 12441.536435 5002.374175 220 110036.514119 45839.966845
195 30 97594.977684 40837.592670 15151.120451 5997.132912 225 112746.098135 46834.725582
201 32 101114.464953 42105.099747 16382.541697 6393.159926 233 117497.006650 48498.259673
201 35 101114.464953 42105.099747 18752.631832 7129.176071 236 119867.096785 49234.275818
210 31 107198.415681 44212.058918 16129.994145 5944.123172 241 123328.409826 50156.182090
217 24 110264.008469 45275.725260 13064.401357 4880.456830 241 123328.409826 50156.182090
219 29 110568.029486 45414.239703 15567.195231 5890.041137 248 126135.224717 51304.280840
221 27 111651.368127 45747.569594 14483.856590 5556.711246 248 126135.224717 51304.280840
222 30 111684.590247 45764.180654 16071.715366 6282.995456 252 127756.305613 52047.176110
226 32 113091.539805 46428.933748 17498.417189 6599.392280 258 130589.956994 53028.326028
231 32 115859.998738 47515.924168 18386.822421 6795.359208 263 134246.821159 54311.283376
238 28 119140.734796 49371.216043 14053.135334 5860.222621 266 133193.870130 55231.438664
239 31 119591.969776 49555.538819 14491.339484 5995.677490 270 134083.309260 55551.216309
243 34 121601.458044 50494.814941 14009.682861 6170.956230 277 135611.140905 56665.771171
249 33 123482.689379 51316.956991 13804.913344 6050.855152 282 137287.602723 57367.812143
253 31 124963.879107 51913.049208 12913.099813 5674.266565 284 137876.978920 57587.315773
256 29 125571.984021 52204.221517 12356.306221 5434.405578 285 137928.290242 57638.627095
260 28 127627.556508 53205.700804 11872.557607 5252.420417 288 139500.114115 58458.121221
262 30 127808.610996 53277.359920 12984.522720 5772.055642 292 140793.133716 59049.415562
262 34 127808.610996 53277.359920 15323.922203 6687.181310 296 143132.533199 59964.541230
264 35 129493.379507 53959.320085 16022.572887 6743.174230 299 145515.952394 60702.494315
265 38 130530.790983 54295.952395 18100.415199 7351.982974 303 148631.206182 61647.935369
267 40 131574.875946 54641.436960 20019.777163 8060.264230 307 151594.653109 62701.701190
269 40 132718.619406 55065.323708 18939.965780 7996.439730 309 151658.585186 63061.763438
274 39 135357.002789 56331.582724 18111.060428 7395.013587 313 153468.063217 63726.596311
276 41 136203.997767 56681.895764 19185.661857 7748.950740 317 155389.659624 64430.846504
280 38 137939.525618 57603.943272 17930.954006 6994.008160 318 155870.479624 64597.951432
286 34 139900.973343 58415.880569 16784.986381 6456.050903 320 156685.959724 64871.931472
289 35 141698.783615 59071.573930 16657.890839 6803.709990 324 158356.674454 65875.283920
293 34 143148.172202 59492.466688 18421.573148 7272.080557 327 161569.745350 66764.547245
295 33 143912.012202 59774.123339 18678.667840 7282.843145 328 162590.680042 67056.966484
298 32 145541.645768 60522.615399 18156.251119 7036.899373 330 163697.896887 67559.514772
303 30 147372.189099 61247.053379 18479.979578 7103.710696 333 165852.168677 68350.764075
307 27 149844.448496 62203.172237 16059.480181 6225.367147 334 165903.928677 68428.539384
312 25 152671.990894 63441.323138 13253.808558 5609.483640 337 165925.799452 69050.806778
316 22 154003.511439 64014.093254 13302.089394 5367.506737 338 167305.600833 69381.599991
320 19 154658.888615 64569.583202 13179.298092 4908.327278 339 167838.186707 69477.910480
320 21 154658.888615 64569.583202 12696.822689 5192.264160 341 167355.711304 69761.847362
323 19 157029.174001 65307.238576 10580.967384 4539.418813 342 167610.141385 69846.657389
326 16 158739.837266 66139.257776 8444.479804 3707.399613 342 167184.317070 69846.657389
326 16 158739.837266 66139.257776 8444.479804 3707.399613 342 167184.317070 69846.657389
328 14 160488.947347 66817.649801 6695.369723 3029.007588 342 167184.317070 69846.657389
