0 0 0.000000 0.000000 0.000000 0.000000 0 0.000000 0.000000
1 3 235.115445 97.474579 778.272298 572.406532 4 1013.387743 669.881111
2 5 290.027743 124.930728 1965.019263 1153.414103 7 2255.047006 1278.344831
4 6 1568.777743 916.965673 2493.636801 998.016902 10 4062.414544 1914.982575
6 11 4224.841922 1600.382989 4861.484591 1971.696119 17 9086.326513 3572.079108
6 15 4224.841922 1600.382989 7502.201554 3072.004466 21 11727.043476 4672.387455
7 19 4679.391922 1835.668874 10627.923495 4169.133633 26 15307.315417 6004.802507
10 21 5690.441185 2292.026910 12166.488118 4598.121534 31 17856.929303 6890.148444
16 18 10740.610612 3792.781920 9917.092713 4012.479697 34 20657.703325 7805.261617
18 17 12304.700612 4346.798392 8446.496887 3505.210312 35 20751.197499 7852.008704
22 16 14378.520740 5445.049218 7809.906759 3153.236958 38 22188.427499 8598.286176
25 16 15048.828530 5758.360493 8502.724886 3429.289453 41 23551.553416 9187.649946
30 17 19513.543731 7225.858146 8437.632789 3486.312750 47 27951.176520 10712.170896
35 16 23202.165161 8668.692696 6198.994902 2651.894425 51 29401.160063 11320.587121
39 16 26151.983810 9711.722711 5975.191964 2834.347800 55 32127.175774 12546.070511
43 15 28213.195522 10489.614613 5493.210252 2718.123923 58 33706.405774 13207.738536
47 17 29226.130709 11093.707431 8983.982064 3950.057846 64 38210.112773 15043.765277
52 16 31785.505134 12185.061879 8068.437639 3416.470639 68 39853.942773 15601.532518
54 20 33011.575134 12749.560428 10862.479856 4288.774939 74 43874.054990 17038.335367
57 19 34589.275134 13419.253010 10096.289856 4097.808858 76 44685.564990 17517.061868
58 22 35136.980759 13622.986734 11529.191416 4595.061319 80 46666.172175 18218.048053
63 19 38590.261934 14941.966281 8713.725529 3693.920163 82 47303.987463 18635.886444
67 15 39672.198933 15571.679109 7631.788530 3064.207335 82 47303.987463 18635.886444
