0 0 0.000000 0.000000 0.000000 0.000000 0 0.000000 0.000000
1 2 235.115445 97.474579 311.252298 157.927840 3 546.367743 255.402419
2 4 290.027743 124.930728 1783.158820 738.935411 6 2073.186563 863.866139
4 4 2467.751862 878.776769 1250.793747 480.455247 8 3718.545609 1359.232016
4 8 2467.751862 878.776769 3097.996049 1218.848579 12 5565.747911 2097.625348
4 12 2467.751862 878.776769 6140.290448 2319.156926 16 8608.042310 3197.933695
5 16 3725.887605 1340.035131 9103.266086 3334.460371 21 12829.153691 4674.495502
8 18 5203.717753 1796.393167 11246.915574 4024.348136 26 16450.633327 5820.741303
11 16 6955.178280 2318.426258 10178.496260 3831.115167 27 17133.674540 6149.541425
13 16 8256.548722 2872.442730 10481.734561 3515.520456 29 18738.283283 6387.963186
17 15 10753.050122 3970.693556 9245.243161 3163.547102 32 19998.293283 7134.240658
20 16 11277.115581 4284.004831 10779.447900 3597.774933 36 22056.563481 7881.779764
24 16 14791.933196 5592.226470 10499.333195 3507.094218 40 25291.266391 9099.320688
29 15 18745.288869 7035.061020 8603.684781 2672.675893 44 27348.973650 9707.736913
35 13 23299.089138 8429.041723 7523.261010 2413.503875 48 30822.350148 10842.545598
38 15 25870.604065 9183.744431 9027.008491 2887.531518 53 34897.612556 12071.275949
41 20 28177.237528 9910.095616 13795.542310 4573.048801 61 41972.779838 14483.144417
46 18 32404.811029 11170.171645 10419.598809 3722.349987 64 42824.409838 14892.521632
49 21 34600.560969 11883.060220 12386.225743 4310.448552 70 46986.786712 16193.508772
53 20 37621.178448 12710.928138 11070.132770 4245.512870 73 48691.311218 16956.441008
55 22 39097.459703 13062.365874 11645.563687 4595.061319 77 50743.023390 17657.427193
61 19 43690.683094 14558.699793 8510.809128 3693.920163 80 52201.492222 18252.619956
65 16 45298.639191 15188.412621 7222.788268 3272.635442 81 52521.427459 18461.048063
68 14 48182.244360 16136.921121 5729.924096 2679.609688 82 53912.168456 18816.530809
70 12 48877.119392 16472.479829 5035.049064 2344.050980 82 53912.168456 18816.530809
70 13 48877.119392 16472.479829 6380.025981 2811.362772 83 55257.145373 19283.842601
73 10 50323.138217 17157.543136 4934.007156 2126.299465 83 55257.145373 19283.842601
74 9 50358.961748 17193.366667 4898.183625 2090.475934 83 55257.145373 19283.842601
76 7 51960.278665 17791.150150 3296.866708 1492.692451 83 55257.145373 19283.842601
76 7 51960.278665 17791.150150 3296.866708 1492.692451 83 55257.145373 19283.842601
77 6 52023.759952 17812.310579 3233.385421 1471.532022 83 55257.145373 19283.842601
78 5 53414.500949 18167.793325 1842.644424 1116.049276 83 55257.145373 19283.842601
78 6 53414.500949 18167.793325 3445.465878 1621.520277 84 56859.966827 19789.313602
79 6 53784.517427 18352.801564 3445.465878 1621.520277 85 57229.983305 19974.321841
81 5 55550.428881 18968.510802 2908.316939 1208.309885 86 58458.745820 20176.820687
81 5 55550.428881 18968.510802 2908.316939 1208.309885 86 58458.745820 20176.820687
81 5 55550.428881 18968.510802 2908.316939 1208.309885 86 58458.745820 20176.820687
82 4 56078.958881 19393.193718 2379.786939 783.626969 86 58458.745820 20176.820687
83 3 56330.788881 19608.526221 2127.956939 568.294466 86 58458.745820 20176.820687
84 2 56430.048799 19690.116106 2028.697021 486.704581 86 58458.745820 20176.820687
