0 0 0.000000 0.000000 0.000000 0.000000 0 0.000000 0.000000
1 5 85.920000 62.104618 1975.843460 870.325951 6 2061.763460 932.430569
2 10 1770.011638 765.005914 5641.373675 2158.286265 12 7411.385313 2923.292179
4 14 2947.900266 1329.489259 6298.643397 2521.953864 18 9246.543663 3851.443123
5 16 3386.981453 1506.041807 9451.996328 3438.953264 21 12838.977781 4944.995071
8 18 5055.146149 2343.313699 9689.207566 3535.314040 26 14744.353715 5878.627739
11 19 6384.271709 2807.972772 10512.457610 3672.625214 30 16896.729319 6480.597986
11 21 6384.271709 2807.972772 11712.713422 4150.986686 32 18096.985131 6958.959458
12 23 6490.448049 2914.149112 13475.123378 4794.250291 35 19965.571427 7708.399403
14 26 7582.591707 3304.010544 16866.213250 5664.015829 40 24448.804957 8968.026373
16 27 9093.785440 3678.872959 17074.613098 5950.275265 43 26168.398538 9629.148224
20 25 10674.379745 4320.337171 16188.226831 5473.204685 45 26862.606576 9793.541856
25 25 15421.924147 5771.619195 14600.001459 5151.557210 50 30021.925606 10923.176405
28 27 18560.782725 6647.319344 14498.682509 5306.718783 55 33059.465234 11954.038127
30 27 19069.686073 6831.259232 12397.668899 5666.415558 57 31467.354972 12497.674790
33 29 21457.196073 7952.240544 13125.565590 5829.673318 62 34582.761663 13781.913862
37 32 22389.262565 8383.616969 16473.428134 6628.805506 69 38862.690699 15012.422475
45 27 26692.086885 10058.864069 13466.581406 5440.715108 72 40158.668291 15499.579177
49 27 28229.539727 10454.756203 15158.059946 5994.037027 76 43387.599673 16448.793230
51 30 30111.825700 11129.330421 15495.235277 6118.734013 81 45607.060977 17248.064434
53 33 31687.738063 11699.034465 15422.863526 6397.379262 86 47110.601589 18096.413727
58 33 34467.463326 12868.418177 15292.051889 6290.416825 91 49759.515215 19158.835002
61 32 35908.915307 13678.643958 14257.519978 5847.942514 93 50166.435285 19526.586472
63 31 36592.876159 14082.637340 13209.796254 5716.693827 94 49802.672413 19799.331167
67 31 38056.779122 14748.947421 13233.704670 5920.151241 98 51290.483792 20669.098662
69 34 38413.893946 14924.775447 14246.268486 6226.907889 103 52660.162432 21151.683336
69 38 38413.893946 14924.775447 16956.007712 7594.182000 107 55369.901658 22518.957447
73 35 40105.024295 15836.790894 15390.677363 6943.858538 108 55495.701658 22780.649432
78 30 41978.032005 16468.683469 13517.669653 6311.965963 108 55495.701658 22780.649432
80 32 43195.502005 17216.794819 14843.007118 6280.014271 112 58038.509123 23496.809090
82 36 44519.183411 17615.498873 16510.849559 7064.073293 118 61030.032970 24679.572166
86 37 47259.798478 18508.270112 18484.921167 7475.777238 123 65744.719645 25984.047350
87 42 47652.813473 18665.114825 20720.794458 8555.921317 129 68373.607931 27221.036142
90 42 49765.403138 19505.699843 19914.509746 8576.012909 132 69679.912884 28081.712752
93 42 51904.655316 20480.653310 18662.555347 8157.235256 135 70567.210663 28637.888566
95 46 52285.426302 20648.093047 21695.201580 9530.538836 141 73980.627882 30178.631883
98 45 52960.899316 20955.456389 21236.195412 9524.914143 143 74197.094728 30480.370532
106 41 56976.911665 22947.683653 18446.457322 7935.514758 147 75423.368987 30883.198411
110 38 58542.486930 23582.197970 14705.398075 7375.437667 148 73247.885005 30957.635637
113 36 58912.461402 23911.275361 14375.531220 7086.467893 149 73287.992622 30997.743254
115 38 60310.281402 24573.340241 16136.858925 7927.089961 153 76447.140327 32500.430202
119 37 61764.531245 25227.564176 16543.741708 7744.914044 156 78308.272953 32972.478220
125 35 64072.967987 26340.165844 15727.997655 7166.362891 160 79800.965642 33506.528735
129 33 65977.377987 27235.538720 15836.542308 6802.628618 162 81813.920295 34038.167338
132 33 67175.757987 28030.761044 16156.325084 6394.404275 165 83332.083071 34425.165319
133 36 67241.194833 28063.479467 19910.750344 7751.110504 169 87151.945177 35814.589971
139 32 69899.192613 29296.658327 17508.662564 6691.588999 171 87407.855177 35988.247326
140 35 70547.482613 29612.923673 19134.549972 7242.663662 175 89682.032585 36855.587335
144 34 73366.285127 30664.432484 16496.329841 6321.283279 178 89862.614968 36985.715763
146 35 73851.491898 30982.719075 16885.509088 6556.883771 181 90737.000986 37539.602846
151 33 76761.611639 31804.956651 14821.809289 6088.167595 184 91583.420928 37893.124246
155 31 78720.699611 32305.423803 14043.646024 5851.083895 186 92764.345635 38156.507698
158 31 79329.939611 32853.606045 14852.471599 6037.336843 189 94182.411210 38890.942888
164 29 80924.489469 33753.276483 14822.626309 5926.885918 193 95747.115778 39680.162401
168 28 82960.015619 34639.601257 15140.033376 6052.685776 196 98100.048995 40692.287033
172 28 84841.470739 35319.475273 15933.400694 6408.849621 200 100774.871433 41728.324894
174 31 86093.732514 35994.792285 17258.672129 6625.504733 205 103352.404643 42620.297018
176 32 87037.228588 36597.480976 17881.549743 6484.723439 208 104918.778331 43082.204415
181 29 89093.304297 37512.287725 16864.212397 5878.669318 210 105957.516694 43390.957043
186 29 90943.258692 38295.132092 17347.407797 5943.429453 215 108290.666489 44238.561545
187 28 91694.035312 38556.749580 16596.631177 5681.811965 215 108290.666489 44238.561545
191 25 94878.374171 39343.525994 13738.722564 4979.524371 216 108617.096735 44323.050365
194 26 97665.455851 40095.885101 12639.058411 5038.181786 220 110304.514262 45134.066887
199 30 100063.545022 41097.935321 14285.257614 5819.906343 229 114348.802636 46917.841664
200 33 100593.448531 41348.316284 15421.850755 6642.173835 233 116015.299286 47990.490119
206 32 102887.421892 42494.814936 14707.236604 6341.956668 238 117594.658496 48836.771604
214 24 106307.273766 43831.612059 11287.384730 5005.159545 238 117594.658496 48836.771604
216 27 106437.074783 43970.126502 12587.854362 5549.326750 243 119024.929145 49519.453252
217 27 106810.120285 44090.267803 12444.022752 5543.792395 244 119254.143037 49634.060198
218 30 106843.342405 44106.878863 13607.795693 6270.076605 248 120451.138098 50376.955468
222 31 108285.718367 44771.631957 14592.950970 6401.234634 253 122878.669337 51172.866591
225 34 109676.661998 45484.611398 17220.197560 7118.362420 259 126896.859558 52602.973818
234 29 114476.756200 47777.370580 12777.394978 5866.073950 263 127254.151178 53643.444530
235 33 114860.724472 47961.693356 13948.899089 6314.543749 268 128809.623561 54276.237105
238 37 116135.273399 48627.557295 15860.225935 6763.234672 275 131995.499334 55390.791967
244 34 118346.891266 49526.495663 15299.661092 6171.095838 278 133646.552358 55697.591501
249 31 120212.985665 50242.828566 11599.473691 5674.266565 280 131812.459356 55917.095131
252 29 120848.108826 50534.000875 11015.661852 5434.405578 281 131863.770678 55968.406453
256 28 122735.866945 51535.480162 10552.261479 5252.420417 284 133288.128424 56787.900579
259 29 123534.041095 51920.154208 11388.519699 5459.040712 288 134922.560794 57379.194920
259 33 123534.041095 51920.154208 13284.812204 6374.166380 292 136818.853299 58294.320588
260 35 124319.771095 52289.099443 14765.546226 6743.174230 295 139085.317321 59032.273673
260 39 124319.771095 52289.099443 16929.629946 7688.615284 299 141249.401041 59977.714727
262 39 125102.033126 52634.584008 17575.118428 7825.967598 301 142677.151554 60460.551606
265 37 126595.555484 53395.103066 16827.866202 7144.950225 302 143423.421686 60540.053291
269 37 128403.970167 54380.801519 16562.958669 6824.084645 306 144966.928836 61204.886164
270 39 128597.479590 54509.387034 18284.748146 7200.363566 309 146882.227736 61709.750600
273 38 130834.336959 55127.064115 17741.651714 6985.520986 311 148575.988673 62112.585101
279 33 132316.500798 56054.415561 14795.287521 6127.356975 312 147111.788319 62181.772536
283 34 134439.462254 56830.424346 14897.825203 6598.917385 317 149337.287457 63429.341731
288 30 136045.167622 57333.543612 13002.307829 6362.153183 318 149047.475451 63695.696795
290 29 136629.027622 57615.200263 13287.969426 6372.915771 319 149916.997048 63988.116034
292 29 138110.812598 58119.475576 13842.704611 6412.991749 321 151953.517209 64532.467325
297 27 139814.182258 58843.913556 14481.404499 6511.667605 324 154295.586757 65355.581161
300 25 141666.263014 59717.805906 12671.438114 5715.550564 325 154337.701128 65433.356470
305 24 144778.623116 60953.268143 12181.230252 5336.759692 329 156959.853368 66290.027835
309 22 146047.193819 61526.038259 11561.913393 5195.458489 331 157609.107212 66721.496748
313 19 147073.000995 62081.528207 11045.656325 4724.778568 332 158118.657320 66806.306775
316 16 149052.428935 62843.790333 9066.228385 3962.516442 332 158118.657320 66806.306775
317 15 149389.188935 62948.317180 8729.468385 3857.989595 332 158118.657320 66806.306775
