0 0 0.000000 0.000000 0.000000 0.000000 0 0.000000 0.000000
1 3 235.115445 97.474579 778.272298 572.406532 4 1013.387743 669.881111
2 5 290.027743 124.930728 1965.019263 1153.414103 7 2255.047006 1278.344831
4 6 1568.777743 916.965673 2266.630112 998.016902 10 3835.407855 1914.982575
4 11 1568.777743 916.965673 3888.287902 1971.696119 15 5457.065645 2888.661792
4 15 1568.777743 916.965673 6764.033437 3072.004466 19 8332.811180 3988.970139
5 19 2013.337743 1152.251558 11958.247327 4169.133633 24 13971.585070 5321.385191
8 20 3012.177006 1608.609594 12621.260131 4242.638788 28 15633.437137 5851.248382
14 16 9196.963917 3109.364604 8778.583220 3498.821615 30 17975.547137 6608.186219
17 17 11047.892121 3840.735448 8691.558404 3341.402240 34 19739.450525 7182.137688
21 16 14005.854176 4938.986274 7108.376349 2989.428886 37 21114.230525 7928.415160
25 16 16630.909432 5628.587337 7763.218721 3265.481381 41 24394.128153 8894.068718
30 17 20767.117651 7096.084990 8707.018054 3322.504678 47 29474.135705 10418.589668
35 16 24769.895973 8538.919540 6012.580188 2488.086353 51 30782.476161 11027.005893
39 14 26274.860975 9192.487386 5156.688717 2228.914335 53 31431.549692 11421.401721
44 15 31426.371297 10728.638127 6075.858625 2718.123923 59 37502.229922 13446.762050
48 18 34572.644270 11635.813971 8820.404787 4108.233182 66 43393.049057 15744.047153
53 17 37090.444703 12736.953729 7768.272746 3771.953385 70 44858.717449 16508.907114
55 21 38307.184703 13301.452278 10933.401663 4644.257685 76 49240.586366 17945.709963
58 20 40560.060415 13971.144860 10140.135951 4453.291604 78 50700.196366 18424.436464
59 23 41111.237676 14174.878584 11876.795729 4950.544065 82 52988.033405 19125.422649
64 21 44744.872005 15493.858131 9956.386955 4251.901755 85 54701.258960 19745.759886
68 17 46339.355347 16123.570959 8361.903613 3622.188927 85 54701.258960 19745.759886
72 14 49244.851422 17220.469485 6252.938747 2673.680427 86 55497.790169 19894.149912
74 12 50059.860454 17556.028193 5437.929715 2338.121719 86 55497.790169 19894.149912
75 11 50815.268846 17911.510939 4682.521323 1982.638973 86 55497.790169 19894.149912
77 9 52471.453419 18388.146139 3026.336750 1506.003773 86 55497.790169 19894.149912
79 7 53091.785002 18626.468516 2406.005167 1267.681396 86 55497.790169 19894.149912
81 6 53787.212420 18941.948446 2264.875167 1137.209705 87 56052.087587 20079.158151
81 6 53787.212420 18941.948446 2264.875167 1137.209705 87 56052.087587 20079.158151
82 5 53829.533278 18963.108875 2222.554309 1116.049276 87 56052.087587 20079.158151
82 5 53829.533278 18963.108875 2222.554309 1116.049276 87 56052.087587 20079.158151
82 5 53829.533278 18963.108875 2222.554309 1116.049276 87 56052.087587 20079.158151
82 5 53829.533278 18963.108875 2222.554309 1116.049276 87 56052.087587 20079.158151
83 5 54087.873278 19073.347112 2605.823903 1137.999546 88 56693.697181 20211.346658
83 5 54087.873278 19073.347112 2605.823903 1137.999546 88 56693.697181 20211.346658
83 5 54087.873278 19073.347112 2605.823903 1137.999546 88 56693.697181 20211.346658
84 4 54608.093278 19498.030028 2085.603903 713.316630 88 56693.697181 20211.346658
85 3 55071.303278 19713.362531 1622.393903 497.984127 88 56693.697181 20211.346658
86 2 55252.153081 19794.952416 1441.544100 416.394242 88 56693.697181 20211.346658
