0 0 0.000000 0.000000 0.000000 0.000000 0 0.000000 0.000000
2 5 883.745445 391.256635 4149.480000 1983.294104 7 5033.225445 2374.550739
3 8 959.135445 418.712784 6536.140000 2848.390733 11 7495.275445 3267.103517
6 8 3386.435445 1587.037517 5858.750000 2408.904474 14 9245.185445 3995.941991
7 13 4065.145445 1894.165045 8121.360000 3382.583691 20 12186.505445 5276.748736
7 17 4065.145445 1894.165045 10052.970000 4482.892038 24 14118.115445 6377.057083
11 21 7779.305445 3590.436274 11739.740000 5274.364913 32 19519.045445 8864.801187
15 24 9593.715445 4635.309272 13650.260000 5464.687862 39 23243.975445 10099.997134
21 20 13502.945445 6136.064282 11165.770000 4720.870689 41 24668.715445 10856.934971
25 18 16518.595445 7739.401814 9250.930000 3696.884986 43 25769.525445 11436.286800
29 17 18956.105445 8837.652640 8316.210000 3344.911632 46 27272.315445 12182.564272
32 17 19513.295445 9150.963915 9068.600000 3620.964127 49 28581.895445 12771.928042
38 17 23388.525445 10810.136242 8677.000000 3486.312750 55 32065.525445 14296.448992
43 16 26266.365445 12252.970792 6747.180000 2651.894425 59 33013.545445 14904.865217
48 15 29413.015445 13580.089865 5918.030000 2550.258742 63 35331.045445 16130.348607
52 14 31175.945445 14232.068045 5830.100000 2559.948587 66 37006.045445 16792.016632
55 18 32297.855445 14677.985527 9658.810000 4417.369638 73 41956.665445 19095.355165
61 18 36913.345445 16212.940908 9499.110000 4389.253432 79 46412.455445 20602.194340
63 23 38141.645445 16777.439457 13244.045121 5469.985839 86 51385.690566 22247.425296
68 20 41657.805445 18419.914832 10542.125121 4306.236965 88 52199.930566 22726.151797
69 24 42033.805445 18623.648556 12484.369025 5005.988272 93 54518.174470 23629.636828
74 21 45256.710566 19942.628103 9813.101660 4104.847116 95 55069.812226 24047.475219
79 16 47511.220566 20780.769038 7558.591660 3266.706181 95 55069.812226 24047.475219
83 12 50404.340566 21979.228257 4665.471660 2068.246962 95 55069.812226 24047.475219
84 11 50543.358322 22064.836246 4526.453904 1982.638973 95 55069.812226 24047.475219
84 11 50543.358322 22064.836246 4526.453904 1982.638973 95 55069.812226 24047.475219
87 8 52036.632226 22743.970292 3033.180000 1303.504927 95 55069.812226 24047.475219
88 7 52108.272226 22779.793823 2961.540000 1267.681396 95 55069.812226 24047.475219
89 6 52557.252226 22910.265514 2512.560000 1137.209705 95 55069.812226 24047.475219
89 6 52557.252226 22910.265514 2512.560000 1137.209705 95 55069.812226 24047.475219
90 5 52630.692226 22931.425943 2439.120000 1116.049276 95 55069.812226 24047.475219
90 5 52630.692226 22931.425943 2439.120000 1116.049276 95 55069.812226 24047.475219
90 5 52630.692226 22931.425943 2439.120000 1116.049276 95 55069.812226 24047.475219
90 5 52630.692226 22931.425943 2439.120000 1116.049276 95 55069.812226 24047.475219
91 4 53009.672226 23041.664180 2060.140000 1005.811039 95 55069.812226 24047.475219
91 4 53009.672226 23041.664180 2060.140000 1005.811039 95 55069.812226 24047.475219
91 4 53009.672226 23041.664180 2060.140000 1005.811039 95 55069.812226 24047.475219
92 3 53866.292226 23466.347096 1203.520000 581.128123 95 55069.812226 24047.475219
93 2 54087.622226 23681.679599 982.190000 365.795620 95 55069.812226 24047.475219
94 1 54341.602226 23763.269484 728.210000 284.205735 95 55069.812226 24047.475219
