0 0 0.000000 0.000000 0.000000 0.000000 0 0.000000 0.000000
2 4 745.895445 391.256635 1869.090000 1160.921494 6 2614.985445 1552.178129
3 7 821.285445 418.712784 3139.857831 2026.018123 10 3961.143276 2444.730907
6 7 3532.125188 1587.037517 3192.197831 1586.531864 13 6724.323019 3173.569381
7 12 3884.105188 1894.165045 5953.969691 2560.211081 19 9838.074879 4454.376126
7 16 3884.105188 1894.165045 8358.964767 3660.519428 23 12243.069955 5554.684473
10 20 6640.775188 2768.063664 10429.711939 4757.648595 30 17070.487127 7525.712259
14 21 8438.983019 3812.936662 11914.214108 4598.121534 35 20353.197127 8411.058196
20 18 12398.455267 5313.691672 10295.138449 4012.479697 38 22693.593716 9326.171369
22 18 14040.375267 5867.708144 9453.846465 3696.884986 40 23494.221732 9564.593130
26 17 16317.950267 6965.958970 8984.001465 3344.911632 43 25301.951732 10310.870602
29 17 16959.622127 7279.270245 9672.593934 3620.964127 46 26632.216061 10900.234372
34 18 20919.186456 8746.767898 10070.432351 3677.987424 52 30989.618807 12424.755322
39 17 23417.839202 10189.602448 8436.934400 2843.569099 56 31854.773602 13033.171547
45 15 28047.879871 11708.396195 6382.796384 2550.258742 60 34430.676255 14258.654937
48 15 29786.099871 12202.199039 5782.536384 2718.123923 63 35568.636255 14920.322962
52 17 31427.881460 12806.291857 8141.404795 3950.057846 69 39569.286255 16756.349703
58 17 34048.346255 14341.247238 8918.860000 3921.941640 75 42967.206255 18263.188878
60 20 35018.326255 14905.745787 9712.368659 4235.005201 80 44730.694914 19140.750988
64 19 37434.876255 16080.909370 10384.817807 4097.808858 83 47819.694062 20178.718228
65 23 37780.016255 16284.643094 12975.726942 4797.560165 88 50755.743197 21082.203259
69 22 39603.039669 17044.381902 12094.234248 4587.848255 91 51697.273917 21632.230157
74 17 42843.898817 18233.335469 8853.375100 3398.894688 91 51697.273917 21632.230157
78 13 45465.928817 19431.794688 6231.345100 2200.435469 91 51697.273917 21632.230157
79 12 45615.880289 19517.402677 6081.393628 2114.827480 91 51697.273917 21632.230157
79 12 45615.880289 19517.402677 6081.393628 2114.827480 91 51697.273917 21632.230157
82 9 48047.848137 20196.536723 3649.425780 1435.693434 91 51697.273917 21632.230157
83 8 48113.568137 20232.360254 3583.705780 1399.869903 91 51697.273917 21632.230157
84 7 48368.108137 20362.831945 3329.165780 1269.398212 91 51697.273917 21632.230157
84 7 48368.108137 20362.831945 3329.165780 1269.398212 91 51697.273917 21632.230157
85 6 48431.589424 20383.992374 3265.684493 1248.237783 91 51697.273917 21632.230157
85 6 48431.589424 20383.992374 3265.684493 1248.237783 91 51697.273917 21632.230157
85 6 48431.589424 20383.992374 3265.684493 1248.237783 91 51697.273917 21632.230157
86 5 48592.998672 20516.180881 3104.275245 1116.049276 91 51697.273917 21632.230157
87 4 48859.038672 20626.419118 2838.235245 1005.811039 91 51697.273917 21632.230157
87 4 48859.038672 20626.419118 2838.235245 1005.811039 91 51697.273917 21632.230157
87 4 48859.038672 20626.419118 2838.235245 1005.811039 91 51697.273917 21632.230157
88 3 50413.828672 21051.102034 1283.445245 581.128123 91 51697.273917 21632.230157
89 2 51036.348672 21266.434537 660.925245 365.795620 91 51697.273917 21632.230157
90 1 51135.608672 21348.024422 561.665245 284.205735 91 51697.273917 21632.230157
