0 0 0.000000 0.000000 0.000000 0.000000 0 0.000000 0.000000
1 5 83.670000 62.104618 2371.531465 870.325951 6 2455.201465 932.430569
2 10 2063.412076 765.005914 6582.924537 2158.286265 12 8646.336613 2923.292179
4 14 3003.964123 1329.489259 6718.634968 2521.953864 18 9722.599091 3851.443123
5 16 3336.771521 1506.041807 8247.651652 3365.467234 21 11584.423173 4871.509041
6 19 3795.973430 1760.964671 8929.433019 3566.963188 25 12725.406449 5327.927859
10 19 6144.685007 2644.942344 8436.388921 3320.318673 29 14581.073928 5965.261017
10 21 6144.685007 2644.942344 11131.184715 4218.836680 31 17275.869722 6863.779024
11 24 6417.220376 2751.118684 14867.872150 5163.437494 35 21285.092526 7914.556178
13 26 7180.266866 3140.980116 16660.050710 5666.629766 39 23840.317576 8807.609882
16 26 8875.044545 3899.798220 16549.190371 5323.034314 42 25424.234916 9222.832534
20 23 10980.021256 4477.338946 14534.277932 4790.525724 43 25514.299188 9267.864670
23 26 13101.703525 5241.408384 15427.137119 5022.642737 49 28528.840644 10264.051121
25 28 14215.282954 5659.666814 16950.504357 5372.236695 53 31165.787311 11031.903509
27 28 14731.059650 5843.606702 16131.736029 5758.880876 55 30862.795679 11602.487578
31 28 17777.297399 7267.844911 13572.709904 5351.554567 59 31350.007303 12619.399478
36 29 19408.684797 7804.356514 15824.778127 6135.464128 65 35233.462924 13939.820642
43 26 22185.866543 8771.583706 15490.646114 5935.815969 69 37676.512657 14707.399675
45 27 23292.896786 9190.407289 16657.941616 5993.327439 72 39950.838402 15183.734728
49 28 27020.484484 10289.523611 15862.006859 5693.482321 77 42882.491343 15983.005932
51 31 28324.223130 10845.441525 14700.960293 5985.913700 82 43025.183423 16831.355225
54 32 29319.477814 11396.614785 15050.600107 6051.088850 86 44370.077921 17447.703635
55 33 29337.117954 11405.434855 15684.424912 6209.819374 88 45021.542866 17615.254229
57 32 30180.692813 11809.428237 14586.569761 6078.570687 89 44767.262574 17887.998924
61 31 31865.873309 12475.738318 14433.195933 6123.297577 92 46299.069242 18599.035895
63 33 33025.406011 12934.923073 14097.220524 6007.681351 96 47122.626535 18942.604424
65 33 34018.896916 13252.771179 14495.993383 6156.817495 98 48514.890299 19409.588674
68 31 34421.677044 13395.264213 15476.231420 6428.194957 99 49897.908464 19823.459170
71 30 35986.831758 14052.859667 15212.463195 6150.748745 101 51199.294953 20203.608412
73 32 37628.555652 14753.190293 14908.766946 6059.015576 105 52537.322598 20812.205869
74 37 38094.185652 14976.855434 16041.306200 6650.078319 111 54135.491852 21626.933753
79 37 41187.169129 16108.609538 16315.530647 6724.130053 116 57502.699776 22832.739591
81 41 41783.299169 16404.470396 18714.760690 7313.287827 122 60498.059859 23717.758223
85 39 42914.587322 17025.859634 20233.346353 7476.650869 124 63147.933675 24502.510503
87 41 44815.076608 17682.266278 19926.904662 7532.003307 128 64741.981270 25214.269585
90 43 46736.145573 18370.112908 22312.648487 7922.004686 133 69048.794060 26292.117594
92 43 48619.574340 18672.896185 22133.043121 7892.114849 135 70752.617461 26565.011034
100 38 52244.022343 19770.687854 20229.892541 7128.231656 138 72473.914884 26898.919510
102 38 52826.806485 20046.251816 15967.270260 6996.024323 140 68794.076745 27042.276139
107 35 54509.365535 20763.315277 14303.927510 6454.859096 142 68813.293045 27218.174373
111 36 58305.285610 21776.493684 17557.520777 7213.387863 147 75862.806387 28989.881547
114 37 59490.233167 22186.353001 17648.218539 7431.368779 151 77138.451706 29617.721780
121 33 62845.633436 23539.129686 15448.593529 6456.850394 154 78294.226965 29995.980080
125 30 64768.663436 24434.502562 13325.466616 5733.639682 155 78094.130052 30168.142244
127 32 65967.123165 24993.652956 13859.370968 5752.827676 159 79826.494133 30746.480632
129 31 67102.258130 25217.711786 13443.183328 5729.459345 160 80545.441458 30947.171131
134 28 69018.869069 26259.550239 12277.422389 4861.278247 162 81296.291458 31120.828486
136 31 70280.825258 26731.607800 16212.693255 5839.664094 167 86493.518513 32571.271894
141 31 72817.989918 28001.590164 15470.536576 5107.380218 172 88288.526494 33108.970382
143 33 74816.386520 28646.529522 15620.049115 5220.516102 176 90436.435635 33867.045624
148 30 76786.506222 29468.767098 12646.927585 4617.333282 178 89433.433807 34086.100380
151 30 77868.997069 29771.145007 13188.392985 4759.479546 181 91057.390054 34530.624553
156 28 81383.581529 30821.376247 12142.032448 4607.611914 184 93525.613977 35428.988161
160 28 82529.382434 31242.437841 12263.967529 4766.630299 188 94793.349963 36009.068140
164 27 85385.533008 32014.890227 12409.429567 4745.930123 191 97794.962575 36760.820350
166 29 86315.947634 32393.095552 14799.052531 5552.764220 195 101115.000165 37945.859772
169 32 88143.013100 32935.628529 16052.193626 6104.274855 201 104195.206726 39039.903384
171 35 89097.026854 33203.988054 17533.680656 6653.265969 206 106630.707510 39857.254023
176 32 91896.983761 34076.181642 16404.715187 6169.633914 208 108301.698948 40245.815556
182 29 94728.516621 35073.562860 15139.442272 5543.702859 211 109867.958893 40617.265719
182 31 94728.516621 35073.562860 16259.125155 6078.451128 213 110987.641776 41152.013988
187 27 97367.612388 35839.309487 13943.606026 5397.193321 214 111311.218414 41236.502808
187 30 97367.612388 35839.309487 14473.573317 5935.079062 217 111841.185705 41774.388549
192 30 99677.402178 36727.802604 14830.019301 5709.748032 222 114507.421479 42437.550636
196 30 102809.792323 37645.904678 14591.261305 5544.453485 226 117401.053628 43190.358163
203 28 107785.706065 39396.471181 12186.805288 4712.931492 231 119972.511353 44109.402673
210 23 110370.783056 40406.071004 11811.588017 4292.192491 233 122182.371073 44698.263495
212 25 110784.154073 40544.585447 12029.466514 4509.969571 237 122813.620587 45054.555018
214 24 111681.299771 40928.055205 11840.069673 4372.578066 238 123521.369444 45300.633271
215 26 111714.521891 40944.666265 12592.686127 4769.313818 241 124307.208018 45713.980083
219 28 113173.108241 41609.419359 14568.136188 5085.710642 247 127741.244429 46695.130001
223 29 115751.324162 42495.857221 13872.418322 5215.979268 252 129623.742484 47711.836489
228 27 117673.314343 43387.143725 13828.104063 4986.514190 255 131501.418406 48373.657915
231 29 119479.064763 44069.773266 12907.915774 4710.328309 260 132386.980537 48780.101575
233 34 120681.952699 44621.030259 13459.071545 5336.948509 267 134141.024244 49957.978768
238 33 122643.230684 45401.729147 12496.180370 4920.042248 271 135139.411054 50321.771395
243 31 124185.332704 46054.814457 12339.575592 5057.809360 274 136524.908296 51112.623817
247 29 124937.246305 46460.593712 12542.938480 5069.752994 276 137480.184785 51530.346706
251 28 127061.977554 47203.739137 12817.091104 5146.101695 279 139879.068658 52349.840832
253 29 127200.100546 47275.398253 14792.762213 5569.448829 282 141992.862759 52844.847082
254 31 127787.709198 47395.638939 15277.581858 6052.157646 285 143065.291056 53447.796585
255 33 128793.479198 47764.584174 16522.672031 6421.165496 288 145316.151229 54185.749670
256 35 130343.980937 48335.932966 16866.370573 6385.275851 291 147210.351510 54721.208817
257 38 130443.906137 48369.241366 20146.823555 7136.033540 295 150590.729692 55505.274906
259 36 131849.001327 48793.128114 18741.728365 6712.146792 295 150590.729692 55505.274906
263 35 134091.261224 49778.826567 17228.400384 6043.564987 298 151319.661608 55822.391554
266 35 136653.520519 50465.771917 16230.374560 5861.484073 301 152883.895079 56327.255990
269 34 138437.361513 51083.448998 16742.398875 5781.871879 303 155179.760388 56865.320877
275 31 140676.528618 52010.800444 15200.167946 5182.972290 306 155876.696564 57193.772734
277 33 141471.609300 52256.511898 16848.571408 5549.707356 310 158320.180708 57806.219254
282 30 142151.827094 52586.137154 17950.625309 5834.153389 312 160102.452403 58420.290543
284 29 142845.744180 52891.821138 14129.345337 5820.888644 313 156975.089517 58712.709782
286 30 144073.558081 53396.096451 14720.465894 5992.468975 316 158794.023975 59388.565426
290 29 145240.548005 53772.818206 15479.109413 6480.664059 319 160719.657418 60253.482265
293 29 146877.794806 54396.663783 15106.016076 6383.264798 322 161983.810882 60779.928581
296 27 148364.907463 54917.501660 14675.583419 6103.720408 323 163040.490882 61021.222068
300 24 149813.852988 55604.332914 14018.658002 5663.794565 324 163832.510990 61268.127479
304 22 151127.972647 56079.383949 14491.898507 5704.100245 326 165619.871154 61783.484194
307 19 153581.196379 56841.110513 12038.674775 4942.373681 326 165619.871154 61783.484194
310 17 154678.297929 57229.574242 11026.383252 4638.719979 327 165704.681181 61868.294221
312 15 156653.880297 58015.123422 8659.617620 3853.170799 327 165313.497917 61868.294221
313 14 157383.610404 58381.534989 7929.887513 3486.759232 327 165313.497917 61868.294221
315 12 158183.170431 59059.927014 7130.327486 2808.367207 327 165313.497917 61868.294221
