0 0 0.000000 0.000000 0.000000 0.000000 0 0.000000 0.000000
1 5 83.670000 62.104618 2371.531465 870.325951 6 2455.201465 932.430569
2 10 2063.412076 765.005914 6582.924537 2158.286265 12 8646.336613 2923.292179
4 14 3003.964123 1329.489259 6718.634968 2521.953864 18 9722.599091 3851.443123
5 16 3336.771521 1506.041807 8247.651652 3365.467234 21 11584.423173 4871.509041
6 19 3795.973430 1760.964671 8929.433019 3566.963188 25 12725.406449 5327.927859
10 19 6144.685007 2644.942344 8436.388921 3320.318673 29 14581.073928 5965.261017
10 21 6144.685007 2644.942344 10921.288444 4150.986686 31 17065.973451 6795.929030
11 24 6417.220376 2751.118684 12662.268231 5095.587500 35 19079.488607 7846.706184
13 26 7390.376790 3140.980116 14043.880571 5598.779772 39 21434.257361 8739.759888
16 25 9237.244469 3899.798220 13287.808439 5135.822824 41 22525.052908 9035.621044
20 23 11189.317799 4477.338946 11441.176358 4722.675730 43 22630.494157 9200.014676
21 28 11931.663247 4786.462009 14943.212658 5830.258577 49 26874.875905 10616.720586
25 29 14454.031911 5659.666814 16017.786452 5746.861012 54 30471.818363 11406.527826
27 27 14931.441933 5843.606702 14967.821214 5562.921124 54 29899.263147 11406.527826
31 27 18257.272431 7110.394122 15807.832583 5405.333863 58 34065.105014 12515.727985
36 27 21791.800548 7958.541336 13297.187180 5359.346848 63 35088.987728 13317.888184
42 25 23958.548836 8846.380677 13716.851513 5132.013514 67 37675.400349 13978.394191
45 26 24753.435486 9161.732431 15179.088894 5702.328099 71 39932.524380 14864.060530
48 28 26925.602540 10038.183457 14938.196120 5625.148277 76 41863.798660 15663.331734
52 30 29993.199001 11273.027108 14022.160202 5567.060963 82 44015.359203 16840.088071
56 30 32392.102742 12219.745524 13145.910670 5236.690957 86 45538.013412 17456.436481
57 30 32409.742882 12228.565594 12522.653326 5236.690957 87 44932.396208 17465.256551
59 31 33283.855281 12632.558976 13608.329571 5491.245557 90 46892.184852 18123.804533
64 29 35826.167703 13627.276101 12997.491253 5207.565403 93 48823.658956 18834.841504
65 34 35876.299035 13643.986545 15280.304455 6187.276849 99 51156.603490 19831.263394
67 35 37417.088831 14216.974623 15721.682449 6363.467145 102 53138.771280 20580.441768
71 32 38273.844190 14598.450522 15055.774301 6121.007391 103 53329.618491 20719.457913
73 31 39168.411262 14842.175480 14471.584179 6124.748352 104 53639.995441 20966.923832
73 34 39168.411262 14842.175480 16181.989898 6653.033401 107 55350.401160 21495.208881
77 34 41131.926780 15750.009287 15426.375457 6224.869920 111 56558.302237 21974.879207
81 35 42957.592714 16642.780526 16902.246853 6651.409902 116 59859.839567 23294.190428
82 39 43499.383077 16799.625239 18209.877249 7177.068982 121 61709.260326 23976.694221
85 39 44859.562297 17487.310471 20317.481570 7429.719298 124 65177.043867 24917.029769
88 40 46590.463153 18241.672233 20749.808038 7420.064400 128 67340.271191 25661.736633
91 41 48066.329629 18929.518863 18927.392238 7512.379177 132 66993.721867 26441.898040
93 41 48373.067287 19048.351155 18787.450343 7666.440325 134 67160.517630 26714.791480
99 39 50877.520361 19843.876157 18477.256671 7273.743202 138 69354.777032 27117.619359
103 36 52773.372440 20557.217511 16706.927754 6634.839074 139 69480.300194 27192.056585
107 33 54307.455020 21074.825952 15268.724633 6157.338250 140 69576.179653 27232.164202
110 34 56959.852313 21940.257919 15681.577603 6794.593231 144 72641.429916 28734.851150
113 35 57646.013941 22336.133447 16837.841352 7026.557936 148 74483.855293 29362.691383
120 31 61459.789554 23688.910132 14130.503710 6052.039551 151 75590.293264 29740.949683
124 29 63455.479554 24584.283008 14126.880642 5688.305278 153 77582.360196 30272.588286
126 30 64815.831460 25143.433402 12410.415049 5516.152865 156 77226.246509 30659.586267
127 31 64848.549883 25176.151825 13649.695991 5949.581798 158 78498.245874 31125.733623
132 28 66908.403725 26217.990278 11867.462149 5081.400700 160 78775.865874 31299.390978
133 31 67319.601780 26373.782493 14526.019204 5834.776752 164 81845.620984 32208.559245
139 30 71293.605277 28047.892209 12468.566509 4968.026232 169 83762.171786 33015.918441
141 31 72757.707774 28692.831567 11961.955032 4876.973957 172 84719.662806 33569.805524
146 29 74419.203967 29515.069143 10125.112096 4477.979296 175 84544.316063 33993.048439
150 28 75820.521406 30015.536295 10502.872845 4630.488912 178 86323.394251 34646.025207
152 29 76427.901406 30294.698311 11146.142809 5100.441675 181 87574.044215 35395.139986
158 26 79442.725812 31194.368749 9981.839849 4739.609787 184 89424.565661 35933.978536
160 26 79856.807002 31409.484544 10793.400131 4907.681795 186 90650.207133 36317.166339
163 28 81455.692617 31947.148196 13725.472184 5714.657815 191 95181.164801 37661.806011
164 34 81661.565603 32016.472788 18034.608169 7002.705292 198 99696.173772 39019.178080
169 32 84701.635381 33144.070645 16986.876728 6349.480195 201 101688.512109 39493.550840
173 31 86297.477329 33856.805906 15331.368270 6207.115050 204 101628.845599 40063.920956
180 27 89026.479614 35115.804612 13353.168565 5319.566507 207 102379.648179 40435.371119
181 27 89799.522249 35327.521205 12844.652943 5380.980695 208 102644.175192 40708.501900
186 24 94050.514333 36533.354116 10797.213068 4584.628141 210 104847.727401 41117.982257
187 28 94289.462599 36613.003538 14683.731692 5850.429874 215 108973.194291 42463.433412
192 28 96883.720359 37547.475641 13519.809952 5248.066575 220 110403.530311 42795.542216
194 30 98665.373997 38022.651183 15593.258890 5856.751843 224 114258.632887 43879.403026
201 28 102004.041067 39497.003134 13290.326522 5304.306164 229 115294.367589 44801.309298
207 23 103944.843315 40426.202832 12085.618463 4627.334978 230 116030.461778 45053.537810
210 24 105274.349961 40828.045732 11597.908051 4707.621168 234 116872.258012 45535.666900
211 23 105581.014013 40948.187033 11291.243999 4587.479867 234 116872.258012 45535.666900
212 25 105630.847193 40964.798093 12637.229201 4984.215619 237 118268.076394 45949.013712
216 27 107144.464615 41629.551187 15504.322866 5300.612443 243 122648.787481 46930.163630
219 28 110761.338318 42327.216865 14672.581485 5543.135223 247 125433.919803 47870.352088
226 25 114351.350149 43653.353806 13491.034883 4961.046216 251 127842.385032 48614.400022
228 28 115296.839678 44089.905094 16166.508535 5415.621365 256 131463.348213 49505.526459
230 32 117011.237792 44641.162087 17100.564812 5614.185050 262 134111.802604 50255.347137
234 32 118080.892688 44931.610043 17838.001500 5897.573357 266 135918.894188 50829.183400
239 29 121280.532066 46225.725302 15255.169037 4822.961728 268 136535.701103 51048.687030
242 27 122148.904019 46516.897611 14489.419728 4583.100741 269 136638.323747 51099.998352
246 26 124203.676272 47260.043036 14389.719094 4659.449442 272 138593.395366 51919.492478
249 26 126108.680349 47903.050944 14531.460691 4511.447784 275 140640.141040 52414.498728
249 29 126108.680349 47903.050944 15976.232305 5114.397287 278 142084.912654 53017.448231
250 31 126668.520349 48271.996179 17513.099379 5382.756865 281 144181.619728 53654.753044
251 32 127940.831989 48608.628489 17997.932187 5470.375900 283 145938.764176 54079.004389
252 34 128007.448789 48641.936889 19663.698402 5999.406064 286 147671.147191 54641.342953
254 33 129322.693979 49065.823637 18800.470528 5707.304625 287 148123.164507 54773.128262
257 33 130937.126264 49686.787906 18100.096058 5403.457004 290 149037.222322 55090.244910
259 36 132660.292363 50180.107605 18451.536558 5796.690881 295 151111.828921 55976.798486
262 33 134069.513758 50752.953696 17042.315163 5223.844790 295 151111.828921 55976.798486
269 27 137356.793713 51676.098795 13888.152687 4369.887126 296 151244.946400 56045.985921
271 29 139140.301104 52032.329972 13426.206348 4626.102469 300 152566.507452 56658.432441
274 27 139718.203668 52187.569226 13523.882806 4737.218279 301 153242.086474 56924.787505
276 27 140609.336208 52455.164294 15072.319155 5082.615397 303 155681.655363 57537.779691
277 27 141791.642407 52747.583533 14690.449382 5013.974502 304 156482.091789 57761.558035
281 25 142951.016330 53124.305288 14672.192601 5181.596639 306 157623.208931 58305.901927
284 24 144616.147455 53748.150865 13557.923015 4882.431782 308 158174.070470 58630.582647
287 22 146077.198043 54268.988742 12697.222427 4602.887392 309 158774.420470 58871.876134
291 20 147345.741073 54900.390093 12224.590579 4344.323719 311 159570.331652 59244.713812
295 17 148446.925452 55477.049289 11632.266362 3852.474550 312 160079.191814 59329.523839
296 16 149054.562458 55661.612791 11024.629356 3667.911048 312 160079.191814 59329.523839
298 14 149496.944488 55852.805653 10582.247326 3476.718186 312 160079.191814 59329.523839
