0 0 0.000000 0.000000 0.000000 0.000000 0 0.000000 0.000000
1 6 85.920000 62.104618 2190.773460 1094.953578 7 2276.693460 1157.058196
4 11 3281.460843 1114.403483 6894.484320 2382.913892 15 10175.945163 3497.317375
5 15 3894.330843 1492.519687 6853.307658 2746.581491 20 10747.638501 4239.101178
6 19 4214.471317 1669.072235 11143.347263 4378.327541 25 15357.818580 6047.399776
8 22 5811.793071 2343.313699 13692.961824 4999.980030 30 19504.754895 7343.293729
11 23 7212.827223 2807.972772 12911.298316 4858.470693 34 20124.125539 7666.443465
12 24 8050.007223 3324.951538 12779.892757 5016.055430 36 20829.899980 8341.006968
13 27 8541.077223 3431.127878 14667.603020 6024.579730 40 23208.680243 9455.707608
17 28 10759.159111 4410.877632 15082.539469 6304.456946 45 25841.698580 10715.334578
21 27 13808.856962 5471.032945 13720.888547 5659.524285 48 27529.745509 11130.557230
24 25 14859.204364 5747.236462 12762.676223 5428.352904 49 27621.880587 11175.589366
28 27 17574.699336 6814.562797 12669.018168 5581.082066 55 30243.717504 12395.644863
30 30 18591.766685 7232.821227 12502.489479 5867.032259 60 31094.256164 13099.853486
33 28 19173.776685 7640.302765 14966.493350 6020.486874 61 34140.270035 13660.789639
36 29 21127.756685 8761.284077 15976.940973 6008.705721 65 37104.697658 14769.989798
40 31 22321.018212 9192.660502 19286.989511 6933.692984 71 41608.007723 16126.353486
48 27 25447.214177 10456.888935 17531.689374 6152.909892 75 42978.903551 16609.798827
52 26 29848.400918 11308.582044 14432.519769 5795.298903 78 44280.920687 17103.880947
55 29 32490.987184 12205.821558 14500.336016 6106.661879 84 46991.323200 18312.483437
56 33 32811.732700 12366.194316 16111.226854 6794.638414 89 48922.959554 19160.832730
62 31 37511.605237 13899.108667 14894.361153 6204.039416 93 52405.966390 20103.148083
64 33 38395.625307 14266.860137 14074.516494 6482.875862 97 52470.141801 20749.735999
66 33 39073.686159 14670.853519 14687.977167 6449.582293 99 53761.663326 21120.435812
69 33 40090.175162 15217.057678 15022.437329 6614.415105 102 55112.612491 21831.472783
72 35 41413.498338 15638.941650 14764.105545 6675.115807 107 56177.603883 22314.057457
73 38 41659.076270 15797.672174 17489.115216 7751.983022 111 59148.191486 23549.655196
78 36 44009.996359 16911.529786 16123.643759 7520.341627 114 60133.640118 24431.871413
82 32 45953.061748 17873.124517 14180.578370 6558.746896 114 60133.640118 24431.871413
85 32 47372.951748 18662.906471 13549.552193 6151.003986 117 60922.503941 24813.910457
86 40 47623.101748 18886.571612 19688.649194 7875.176344 126 67311.750942 26761.747956
91 39 50788.009594 20077.029453 20564.263970 7782.319857 130 71352.273564 27859.349310
92 44 51262.243448 20233.874166 21746.643465 9119.435537 136 73008.886913 29353.309703
95 46 54275.185691 21074.459184 23851.696437 9806.870008 141 78126.882128 30881.329192
98 46 56546.440699 21940.493939 23106.827776 9497.011067 144 79653.268475 31437.505006
102 48 59052.921961 22835.214399 23933.684515 9758.417648 150 82986.606476 32593.632047
105 47 59953.878862 23180.282721 23732.446037 9715.087975 152 83686.324899 32895.370696
114 42 65296.636441 25105.082830 18950.976379 8193.115745 156 84247.612820 33298.198575
118 39 66880.576848 25818.424184 17063.709049 7554.211617 157 83944.285897 33372.635801
123 36 68578.737435 26614.889396 14186.865646 7016.506726 159 82765.603081 33631.396122
125 38 70092.047435 27276.954276 16213.251832 7857.128794 163 86305.299267 35134.083070
128 39 70893.588735 27648.984087 17735.497132 8426.183229 167 88629.085867 36075.167316
134 37 73207.717587 28761.585755 17250.132930 7847.632076 171 90457.850517 36609.217831
138 34 75369.247587 29656.958631 15306.569883 7124.421364 172 90675.817470 36781.379995
141 34 76794.837587 30452.180955 14657.531271 6716.197021 175 91452.368858 37168.377976
142 36 76827.556010 30484.899378 16795.272271 7686.026608 178 93622.828281 38170.925986
147 34 79369.886416 31526.737831 16217.387282 7177.321949 181 95587.273698 38704.059780
148 36 79937.106416 31745.390535 17340.319865 7574.885960 184 97277.426281 39320.276495
155 34 84084.052256 33683.363272 14263.942109 6152.631589 189 98347.994365 39835.994861
156 37 84506.869160 33900.487511 15779.008382 6917.209552 193 100285.877542 40817.697063
161 34 86332.469160 34722.725087 13981.658382 6314.026732 195 100314.127542 41036.751819
165 33 87930.816019 35452.918115 13124.399941 5975.127711 198 101055.215960 41428.045826
170 32 90147.789993 36318.551096 13916.720867 6056.698752 202 104064.510860 42375.249848
175 31 91295.023972 37098.860038 14068.600240 6004.000544 206 105363.624212 43102.860582
178 32 93401.703399 37838.248826 14579.738306 6614.186578 210 107981.441705 44452.435404
182 33 95410.587843 38522.848464 16588.953400 7274.084689 215 111999.541243 45796.933153
183 38 96979.187843 39128.840884 18484.347991 7883.399450 221 115463.535834 47012.240334
188 35 99743.496941 40306.875996 15861.457281 7051.462794 223 115604.954222 47358.338790
192 35 101351.505110 41019.611257 18022.009816 7159.794019 227 119373.514926 48179.405276
200 31 105734.624365 42480.681451 14390.810369 6149.823410 231 120125.434734 48630.504861
203 29 107504.378360 43324.334912 12759.591458 5579.300730 232 120263.969818 48903.635642
204 30 107982.498695 43408.823732 13368.368335 5837.704469 234 121350.867030 49246.528201
207 32 110998.491340 44120.493312 14773.672011 6325.544477 239 125772.163351 50446.037789
214 32 113320.913551 45223.102495 17458.494723 6684.424624 246 130779.408274 51907.527119
218 32 116171.805194 46366.214364 15307.885965 6465.948669 250 131479.691159 52832.163033
224 30 118601.155958 47512.713016 13890.993460 5913.502990 254 132492.149418 53426.216006
230 24 121042.917026 48441.912714 10926.892392 4984.303292 254 131969.809418 53426.216006
233 26 122310.277026 48817.939297 11294.016879 5290.958357 259 133604.293905 54108.897654
234 25 122601.161090 48938.080598 11003.132815 5170.817056 259 133604.293905 54108.897654
235 29 122634.383210 48954.691658 14348.539870 6321.572418 264 136982.923080 55276.264076
239 31 124188.142562 49619.444752 14990.898340 6637.969242 270 139179.040902 56257.413994
246 30 127942.038184 51094.454301 15199.235729 6657.359790 276 143141.273913 57751.814091
253 26 132372.628883 52949.746176 10302.415908 5287.110358 279 142675.044791 58236.856534
255 30 134697.889533 53590.291205 12470.269361 6156.504774 285 147168.158894 59746.795979
257 35 135990.695879 54338.504517 14169.089652 6873.596673 292 150159.785531 61212.101190
263 34 138484.328371 55337.500288 13645.950044 6459.204465 297 152130.278415 61796.704753
267 32 140487.017008 55933.592505 12209.379608 6082.615878 299 152696.396616 62016.208383
270 30 141010.507240 56224.764814 11245.637061 5842.754891 300 152256.144301 62067.519705
274 29 142510.436454 56967.910239 11253.019452 5919.103592 303 153763.455906 62887.013831
277 31 143740.616454 57610.918147 14558.268344 6811.158864 308 158298.884798 64422.077011
277 36 143740.616454 57610.918147 18013.635991 7967.960660 313 161754.252445 65578.878807
278 39 145074.546454 57979.863382 20088.546279 8650.852192 317 165163.092733 66630.715574
280 40 147380.223014 58894.240340 20104.173915 8570.708486 320 167484.396929 67464.948826
282 41 148218.819814 59352.019892 19293.594343 8706.973615 323 167512.414157 68058.993507
285 41 150432.302620 60125.108057 18294.387427 8739.685169 326 168726.690047 68864.793226
291 40 153828.196947 61596.017949 17927.052415 8235.943464 331 171755.249362 69831.961413
292 42 154085.367977 61724.603464 19166.057808 8567.391395 334 173251.425785 70291.994859
295 42 155215.704839 62297.449555 20062.383632 8726.494825 337 175278.088471 71023.944380
300 38 156976.380416 62989.071428 17487.475123 8104.060387 338 174463.855539 71093.131815
303 39 159356.895026 63833.252441 19361.957317 8657.668258 342 178718.852343 72490.920699
309 36 161107.860037 64627.663476 18841.285669 8673.501357 345 179949.145706 73301.164833
313 33 163432.975085 65554.855708 17495.191841 8038.728364 346 180928.166926 73593.584072
315 34 164672.309909 66059.131021 16861.020196 8027.849240 349 181533.330105 74086.980261
320 32 166132.006731 66783.569001 18069.861948 8275.361994 352 184201.868679 75058.930995
324 30 168231.552602 67959.796665 15838.928353 7423.815050 354 184070.480955 75383.611715
328 29 170170.564723 68951.042155 14672.441623 7140.907167 357 184843.006346 76091.949322
333 25 171993.529211 69770.717682 13942.650557 6505.795142 358 185936.179768 76276.512824
337 22 173757.842847 70720.644066 12263.146948 5640.678785 359 186020.989795 76361.322851
340 19 175914.806269 71378.055356 10106.183526 4983.267495 359 186020.989795 76361.322851
341 18 176153.816269 71482.582203 9867.173526 4878.740648 359 186020.989795 76361.322851
