0 0 0.000000 0.000000 0.000000 0.000000 0 0.000000 0.000000
1 3 235.115445 97.474579 778.272298 572.406532 4 1013.387743 669.881111
2 5 290.027743 124.930728 1965.019263 1153.414103 7 2255.047006 1278.344831
4 6 1568.777743 916.965673 2501.581522 998.016902 10 4070.359265 1914.982575
5 11 3346.291922 1293.255461 5072.249312 1971.696119 16 8418.541234 3264.951580
5 15 3346.291922 1293.255461 8156.363829 3072.004466 20 11502.655751 4365.259927
6 18 3467.871922 1528.541346 10898.615722 3852.022026 24 14366.487644 5380.563372
9 19 4387.631185 1984.899382 11844.477140 3925.527181 28 16232.108325 5910.426563
14 17 7705.646794 3168.542785 10408.816420 3656.996951 31 18114.463214 6825.539736
16 16 9566.986794 3722.559257 8640.970594 3149.727566 32 18207.957388 6872.286823
20 15 11910.080692 4820.810083 7664.516696 2797.754212 35 19574.597388 7618.564295
23 15 12411.883203 5134.121358 8222.757147 3073.806707 38 20634.640350 8207.928065
27 16 16112.397668 6442.342997 7791.617526 3130.830004 43 23904.015194 9573.173001
33 15 20039.149648 8044.453561 6301.400032 2296.411679 48 26340.549680 10340.865240
37 15 23037.940050 9087.483576 6438.523802 2478.865054 52 29476.463852 11566.348630
41 15 24759.707590 9694.900971 6627.611564 2718.123923 56 31387.319154 12413.024894
45 17 26473.389955 10298.993789 9263.592203 3950.057846 62 35736.982158 14249.051635
49 16 27996.319175 11241.958211 8469.942983 3416.470639 65 36466.262158 14658.428850
52 20 30047.984033 11954.846786 12316.544868 4288.774939 72 42364.528901 16243.621725
55 19 31914.796913 12624.539368 11213.391988 4097.808858 74 43128.188901 16722.348226
56 22 32753.990114 12828.273092 12305.341773 4595.061319 78 45059.331887 17423.334411
61 19 36706.633204 14147.252639 9058.311299 3693.920163 80 45764.944503 17841.172802
65 15 37974.376546 14776.965467 7790.567957 3064.207335 80 45764.944503 17841.172802
