0 0 0 0.000000 0.000000 0.000000 0.000000 0 0.000000 0.000000
1 6 0 85.920000 62.104618 2190.773460 1094.953578 7 2276.693460 1157.058196
4 11 0 3084.455853 1114.403483 5697.646545 2382.913892 15 8782.102398 3497.317375
5 15 0 3784.185853 1492.519687 6053.835938 2746.581491 20 9838.021791 4239.101178
6 18 0 4054.145853 1669.072235 8671.645938 3994.371852 24 12725.791791 5663.444087
8 22 0 5846.025853 2343.313699 11678.503148 4932.130036 30 17524.529001 7275.443735
11 24 0 6949.037430 2807.972772 13962.348800 5738.375196 35 20911.386230 8546.347968
12 27 1 7707.697430 3324.951538 16573.397950 6366.355806 39 24281.095380 9691.307344
14 28 2 9007.887430 3796.388573 17025.237950 6644.358716 42 26033.125380 10440.747289
17 27 4 10184.357430 4389.078128 16352.117368 6477.720579 44 26536.474798 10866.798707
19 31 6 11457.951242 4843.740111 19403.111569 7663.977086 50 30861.062811 12507.717197
24 30 9 13789.710592 5749.695885 18399.736491 7494.052798 54 32189.447083 13243.748683
29 33 14 18095.758986 7038.559861 19706.991999 7650.438278 62 37802.750985 14688.998139
31 37 19 18769.873258 7456.818291 22176.738663 8842.714734 68 40946.611921 16299.533025
36 33 24 21547.564992 8854.915477 20210.826929 7887.091859 69 41758.391921 16742.007336
40 32 29 23655.535913 10121.702897 17797.045317 7333.959442 72 41452.581230 17455.662339
43 35 36 24469.802884 10407.273214 19751.528500 8344.143567 78 44221.331384 18751.416781
53 33 43 28676.197974 12433.162079 18359.896712 7776.335256 86 47036.094686 20209.497335
56 33 50 29786.003194 12749.666362 18603.491117 7967.222925 89 48389.494311 20716.889287
61 33 58 34070.779226 14451.782318 14687.115280 7064.378173 94 48757.894506 21516.160491
62 38 67 34395.029226 14612.155076 17112.847648 7929.219357 100 51507.876874 22541.374433
64 43 76 34919.809226 14876.247484 19461.705270 9214.685792 107 54381.514496 24090.933276
68 41 86 38018.314366 15973.554117 17653.790270 8485.130629 109 55672.104636 24458.684746
71 39 96 39378.533352 16554.412148 16805.691284 8177.017293 110 56184.224636 24731.429441
75 41 108 40414.500154 17220.722229 19676.245713 8936.606064 116 60090.745867 26157.328293
80 42 121 41982.830369 18168.755429 19786.242610 8752.620909 122 61769.072979 26921.376338
81 45 134 42147.320369 18287.860922 21994.220112 10033.123640 126 64141.540481 28320.984562
86 43 147 44343.462738 19290.297317 22747.510598 9748.892977 129 67090.973336 29039.190294
92 40 162 48643.794989 21065.950140 20621.118347 8860.438044 132 69264.913336 29926.388184
96 40 180 50290.734989 21966.219168 17217.804184 8545.575147 136 67508.539173 30511.794315
99 44 198 51428.467160 22685.322939 19116.553090 9335.328880 143 70545.020250 32020.651819
102 45 216 52434.129126 23249.420229 21570.285278 9862.703308 147 74004.414404 33112.123537
104 48 236 53368.969975 23629.930083 23327.069111 10694.056630 152 76696.039086 34323.986713
105 50 258 53495.979975 23779.907135 26219.615113 11484.415126 155 79715.595088 35264.322261
111 48 280 58718.374220 25771.417211 23845.379682 10489.828819 159 82563.753902 36261.246030
116 49 304 61296.658702 26883.313387 22858.863182 10695.955669 165 84155.521884 37579.269056
121 50 329 63790.812274 28172.630899 23787.979610 10758.262165 171 87578.791884 38930.893064
130 45 355 68206.289889 29988.407265 20678.868999 9840.908274 175 88885.158888 39829.315539
135 42 381 70139.897953 30905.115706 19462.044080 9067.556462 177 89601.942033 39972.672168
137 42 409 70674.064951 31165.273694 19515.358237 9066.158795 179 90189.423188 40231.432489
140 43 439 73146.543160 31896.257977 21478.508962 9837.861460 183 94625.052122 41734.119437
145 44 470 75286.870208 32871.552643 22884.176944 10189.153032 189 98171.047152 43060.705675
151 42 504 77905.394670 33984.154311 23712.065899 10082.747454 193 101617.460569 44066.901765
156 39 538 80928.324670 35114.558490 21435.230339 9483.981878 195 102363.555009 44598.540368
159 41 573 82211.664670 35909.780814 22351.649118 9728.091034 200 104563.313788 45637.871848
163 41 609 85364.074285 36971.457059 21118.569503 9942.066215 204 106482.643788 46913.523274
168 39 645 87582.465951 38013.295512 20521.647837 9588.067391 207 108104.113788 47601.362903
172 40 681 90782.108644 39218.188051 20123.880827 9384.981505 212 110905.989471 48603.169556
177 39 717 94495.820562 40684.103227 17334.323947 8536.209703 216 111830.144509 49220.312930
180 39 753 95626.441902 41540.448836 17400.108659 8233.751177 219 113026.550561 49774.200013
185 38 791 96918.621902 42362.686412 17819.790823 8269.346479 223 114738.412725 50632.032891
188 39 830 97721.207656 42665.064321 18238.170069 8747.855893 227 115959.377725 51412.920214
193 37 870 100016.860803 43760.423178 18142.821985 8634.551780 230 118159.682788 52394.974958
200 34 910 103725.432269 45472.403624 16565.006119 7658.446888 234 120290.438388 53130.850512
203 35 951 105843.121696 46211.792412 17559.455816 8434.968195 238 123402.577512 54646.760607
206 38 993 106883.062516 46749.456064 20879.928823 9408.387454 244 127762.991339 56157.843518
208 42 1037 108330.095897 47424.773076 23740.433815 9933.502454 250 132070.529712 57358.275530
212 42 1083 111734.610008 48682.511940 21793.418686 9559.997408 254 133528.028694 58242.509348
217 39 1130 113841.924657 49542.183187 19957.393379 9191.046855 256 133799.318036 58733.230042
224 36 1178 116088.472420 50797.608045 18955.882569 8521.609011 260 135044.354989 59319.217056
226 36 1227 117105.712420 51346.774828 18971.524523 8498.874377 262 136077.236943 59845.649205
231 36 1277 120328.251720 52789.605087 17472.248624 7953.788368 267 137800.500344 60743.393455
235 37 1328 122903.479526 54055.138404 17739.166424 7683.013788 272 140642.645950 61738.152192
242 37 1381 125632.313993 55289.814758 19713.583377 7909.826764 279 145345.897370 63199.641522
244 39 1435 126897.033346 55722.290595 21629.150060 8465.595584 283 148526.183406 64187.886179
254 34 1491 132549.620892 57857.882637 19171.700602 7251.909814 288 151721.321494 65109.792451
261 29 1548 135133.993422 59050.410792 18626.881059 6947.926432 290 153760.874481 65998.337224
264 31 1605 136024.763422 59426.437375 18068.266135 7254.581497 295 154093.029557 66681.018872
265 30 1663 136198.664574 59546.578676 17382.514983 7134.440196 295 153581.179557 66681.018872
267 33 1725 137681.386694 59980.801405 18924.722064 7867.583889 300 156606.108758 67848.385294
271 36 1789 139213.963581 60645.554499 19553.421961 8437.201550 307 158767.385542 69082.756049
277 36 1853 142990.480365 62423.939037 19085.303330 8153.217109 313 162075.783695 70577.156146
284 36 1918 147636.393598 64279.230912 19054.471885 8104.488458 320 166690.865483 72383.719370
286 39 1984 148462.993598 64919.775941 18426.035683 8312.548114 325 166889.029281 73232.324055
289 42 2051 150752.723598 65965.083660 20067.109880 8591.950928 331 170819.833478 74557.034588
295 40 2118 153144.022444 66835.403216 17570.070094 8127.962491 335 170714.092538 74963.365707
300 39 2185 154933.729169 67584.763645 17107.436075 7916.972814 339 172041.165244 75501.736459
304 36 2253 155890.825622 68060.299424 16304.273588 7492.748357 340 172195.099210 75553.047781
309 34 2321 158847.149322 69374.793641 15238.209888 6997.748266 343 174085.359210 76372.541907
312 36 2389 159593.379322 69699.673594 18064.858751 7841.907302 348 177658.238073 77541.580896
313 40 2457 160625.694685 70170.606698 19490.035448 8490.750742 353 180115.730133 78661.357440
314 42 2526 161251.324685 70539.551933 20682.220638 8971.599305 356 181933.545323 79511.151238
316 44 2595 163738.989955 71453.928891 20120.824203 9167.124695 360 183859.814158 80621.053586
319 44 2666 164730.778355 72223.884608 21566.465444 9149.108597 363 186297.243799 81372.993205
321 46 2737 165283.708355 72647.771356 22525.118956 9596.246013 367 187808.827311 82244.017369
325 47 2808 167627.906338 73636.778795 21689.555976 9549.387401 372 189317.462314 83186.166196
328 48 2880 168332.306735 74058.865694 23081.368066 9831.550695 376 191413.674801 83890.416389
332 48 2954 170855.861781 75096.280857 23073.486570 9773.983510 380 193929.348351 84870.264367
337 45 3028 172413.296065 75787.902730 21789.513775 9674.763144 382 194202.809840 85462.665874
340 45 3104 174155.098041 76632.083743 21222.505511 9593.248340 385 195377.603552 86225.332083
346 41 3182 176151.214302 77580.940480 20697.049250 9502.830401 387 196848.263552 87083.770881
349 40 3263 177130.339302 78012.952879 20917.832792 9536.544597 389 198048.172094 87549.497476
352 42 3345 178615.066393 78684.092517 23403.197592 10024.350499 394 202018.263985 88708.443016
359 38 3427 181408.416037 79827.495010 22779.247948 9852.898740 397 204187.663985 89680.393750
363 36 3512 183720.486037 80780.889045 21519.847948 9424.077250 399 205240.333985 90204.966295
365 36 3599 184056.751037 81057.510175 21686.852948 9577.023783 401 205743.603985 90634.533958
373 28 3686 188498.959021 83020.815862 17244.644964 7613.718096 401 205743.603985 90634.533958
377 24 3774 190340.842609 83970.742246 15402.761376 6663.791712 401 205743.603985 90634.533958
379 25 3867 191567.142609 84443.590034 15118.615508 6653.017184 404 206685.758117 91096.607218
381 23 3961 192221.627609 84825.432835 14464.130508 6271.174383 404 206685.758117 91096.607218
383 21 4055 192799.099741 85106.306826 13886.658376 5990.300392 404 206685.758117 91096.607218
385 19 4151 193962.951852 85645.872820 12722.806265 5450.734398 404 206685.758117 91096.607218
386 18 4247 195465.141852 86239.454818 11220.616265 4857.152400 404 206685.758117 91096.607218
