0 0 0.000000 0.000000 0.000000 0.000000 0 0.000000 0.000000
2 4 745.895445 391.256635 2113.612298 1160.921494 6 2859.507743 1552.178129
3 6 800.807743 418.712784 3324.955919 1741.929065 9 4125.763662 2160.641849
5 7 2068.457743 1210.747729 3431.680386 1586.531864 12 5500.138129 2797.279593
7 12 4692.623370 1894.165045 6407.892246 2560.211081 19 11100.515616 4454.376126
7 16 4692.623370 1894.165045 9320.279329 3660.519428 23 14012.902699 5554.684473
9 19 5467.103370 2306.805302 11494.375564 4440.536988 28 16961.478934 6747.342290
13 20 7501.289289 3351.678300 11769.155650 4281.009927 33 19270.444939 7632.688227
18 17 10722.962192 4535.321703 10476.042747 3854.304361 35 21199.004939 8389.626064
20 17 12475.922192 5089.338175 9282.816769 3505.210312 37 21758.738961 8594.548487
24 17 14796.545676 6187.589001 10983.511484 3470.348565 41 25780.057160 9657.937566
27 17 15498.747536 6500.900276 11566.046725 3746.401060 44 27064.794261 10247.301336
32 17 21565.345121 8126.233522 8770.306366 3486.312750 49 30335.651487 11612.546272
38 15 25082.550826 9728.344086 6133.314214 2312.821647 53 31215.865040 12041.165733
42 16 27562.379134 10771.374101 7396.884501 2686.949696 58 34959.263635 13458.323797
46 16 29751.183601 11549.266003 8116.349230 2909.798597 62 37867.532831 14459.064600
49 19 30770.379085 11995.183485 11056.805102 4299.907856 68 41827.184187 16295.091341
55 18 34757.322697 13244.713269 10523.421490 4113.616314 73 45280.744187 17358.329583
57 22 35872.942697 13809.211818 14235.236908 4985.920614 79 50108.179605 18795.132432
62 19 38950.019453 15176.050075 11722.670152 4097.808858 81 50672.689605 19273.858933
63 23 39397.860104 15379.783799 13977.663489 4797.560165 86 53375.523593 20177.343964
67 21 42475.542088 16359.690568 11485.853198 4235.491787 88 53961.395286 20595.182355
71 17 43677.393444 16989.403396 10284.001842 3605.778959 88 53961.395286 20595.182355
76 12 48753.064335 18526.935393 5208.330951 2068.246962 88 53961.395286 20595.182355
77 11 48919.006028 18612.543382 5042.389258 1982.638973 88 53961.395286 20595.182355
77 11 48919.006028 18612.543382 5042.389258 1982.638973 88 53961.395286 20595.182355
80 8 51191.009587 19291.677428 2770.385699 1303.504927 88 53961.395286 20595.182355
82 7 51968.320672 19512.509198 2734.562168 1267.681396 89 54702.882840 20780.190594
83 7 52487.940672 19642.980889 2564.967706 1269.398212 90 55052.908378 20912.379101
83 7 52487.940672 19642.980889 2564.967706 1269.398212 90 55052.908378 20912.379101
84 6 52509.101101 19664.141318 2543.807277 1248.237783 90 55052.908378 20912.379101
84 6 52509.101101 19664.141318 2543.807277 1248.237783 90 55052.908378 20912.379101
84 6 52509.101101 19664.141318 2543.807277 1248.237783 90 55052.908378 20912.379101
84 6 52509.101101 19664.141318 2543.807277 1248.237783 90 55052.908378 20912.379101
85 5 52598.261101 19774.379555 2454.647277 1137.999546 90 55052.908378 20912.379101
85 5 52598.261101 19774.379555 2454.647277 1137.999546 90 55052.908378 20912.379101
85 5 52598.261101 19774.379555 2454.647277 1137.999546 90 55052.908378 20912.379101
86 4 53468.171101 20199.062471 1584.737277 713.316630 90 55052.908378 20912.379101
87 3 53681.831101 20414.394974 1371.077277 497.984127 90 55052.908378 20912.379101
88 2 53781.091101 20495.984859 1271.817277 416.394242 90 55052.908378 20912.379101
